20:32:41.783 [background-preinit] INFO  o.h.v.i.util.Version - [<clinit>,21] - HV000001: Hibernate Validator 8.0.1.Final
20:32:41.991 [main] INFO  c.a.n.c.u.ParamUtil - [<clinit>,89] - [settings] [req-serv] nacos-server port:8848
20:32:41.991 [main] INFO  c.a.n.c.u.ParamUtil - [<clinit>,92] - [settings] [http-client] connect timeout:1000
20:32:41.992 [main] INFO  c.a.n.c.u.ParamUtil - [<clinit>,97] - PER_TASK_CONFIG_SIZE: 3000.0
20:32:42.007 [main] INFO  c.a.n.common.labels - [getLabels,48] - DefaultLabelsCollectorManager get labels.....
20:32:42.007 [main] INFO  c.a.n.common.labels - [getLabels,62] - Process LabelsCollector with [name:defaultNacosLabelsCollector]
20:32:42.007 [main] INFO  c.a.n.common.labels - [collectLabels,62] - default nacos collect properties raw labels: null
20:32:42.008 [main] INFO  c.a.n.common.labels - [collectLabels,69] - default nacos collect properties labels: {}
20:32:42.008 [main] INFO  c.a.n.common.labels - [collectLabels,72] - default nacos collect jvm raw labels: null
20:32:42.008 [main] INFO  c.a.n.common.labels - [collectLabels,78] - default nacos collect jvm labels: {}
20:32:42.008 [main] INFO  c.a.n.common.labels - [collectLabels,81] - default nacos collect env raw labels: null
20:32:42.009 [main] INFO  c.a.n.common.labels - [collectLabels,89] - default nacos collect env labels: {}
20:32:42.009 [main] INFO  c.a.n.common.labels - [getLabels,50] - DefaultLabelsCollectorManager get labels finished,labels :{}
20:32:42.014 [main] INFO  c.a.n.p.a.s.c.ClientAuthPluginManager - [init,56] - [ClientAuthPluginManager] Load ClientAuthService com.alibaba.nacos.client.auth.impl.NacosClientAuthServiceImpl success.
20:32:42.014 [main] INFO  c.a.n.p.a.s.c.ClientAuthPluginManager - [init,56] - [ClientAuthPluginManager] Load ClientAuthService com.alibaba.nacos.client.auth.ram.RamClientAuthServiceImpl success.
20:32:42.016 [main] INFO  c.a.n.c.a.r.i.CredentialWatcher - [loadCredentialFromEnv,189] - null No credential found
20:32:42.075 [main] INFO  c.a.n.c.c.i.Limiter - [<clinit>,55] - limitTime:5.0
20:32:42.318 [main] INFO  c.a.n.c.c.i.LocalConfigInfoProcessor - [<clinit>,65] - LOCAL_SNAPSHOT_PATH:C:\Users\Null\nacos\config
20:32:42.320 [main] INFO  c.a.n.c.r.client - [lambda$createClient$0,118] - [RpcClientFactory] create a new rpc client of fee91fb6-3f6e-415f-9ce4-8f086ee32eae_config-0
20:32:42.332 [main] INFO  c.a.n.c.r.client - [printIfInfoEnabled,63] - [fee91fb6-3f6e-415f-9ce4-8f086ee32eae_config-0] Register server push request handler:com.alibaba.nacos.client.config.impl.ClientWorker$ConfigRpcTransportClient$$Lambda/0x00000215483ffde0
20:32:42.333 [main] INFO  c.a.n.c.r.client - [printIfInfoEnabled,63] - [fee91fb6-3f6e-415f-9ce4-8f086ee32eae_config-0] Register server push request handler:com.alibaba.nacos.client.config.impl.ClientWorker$ConfigRpcTransportClient$$Lambda/0x0000021548400428
20:32:42.333 [main] INFO  c.a.n.c.r.client - [printIfInfoEnabled,63] - [fee91fb6-3f6e-415f-9ce4-8f086ee32eae_config-0] Registry connection listener to current client:com.alibaba.nacos.client.config.impl.ClientWorker$ConfigRpcTransportClient$1
20:32:42.333 [main] INFO  c.a.n.c.r.client - [printIfInfoEnabled,63] - [fee91fb6-3f6e-415f-9ce4-8f086ee32eae_config-0] RpcClient init, ServerListFactory = com.alibaba.nacos.client.config.impl.ClientWorker$ConfigRpcTransportClient$2
20:32:42.337 [main] INFO  c.a.n.c.r.client - [printIfInfoEnabled,63] - [fee91fb6-3f6e-415f-9ce4-8f086ee32eae_config-0] Try to connect to server on start up, server: {serverIp = '123.207.35.9', server main port = 8848}
20:32:42.351 [main] INFO  c.a.n.c.r.c.g.GrpcClient - [createNewManagedChannel,210] - grpc client connection server:123.207.35.9 ip,serverPort:9848,grpcTslConfig:{"sslProvider":"","enableTls":false,"mutualAuthEnable":false,"trustAll":false}
20:32:42.746 [main] INFO  c.a.n.c.a.AbstractAbilityControlManager - [initAbilityTable,61] - Ready to get current node abilities...
20:32:42.747 [main] INFO  c.a.n.c.a.AbstractAbilityControlManager - [initAbilityTable,89] - Ready to initialize current node abilities, support modes: [SDK_CLIENT]
20:32:42.748 [main] INFO  c.a.n.c.a.AbstractAbilityControlManager - [initAbilityTable,94] - Initialize current abilities finish...
20:32:42.748 [main] INFO  c.a.n.c.a.d.NacosAbilityManagerHolder - [initAbilityControlManager,85] - [AbilityControlManager] Successfully initialize AbilityControlManager
20:32:42.862 [main] INFO  c.a.n.c.r.client - [printIfInfoEnabled,63] - [fee91fb6-3f6e-415f-9ce4-8f086ee32eae_config-0] Success to connect to server [123.207.35.9:8848] on start up, connectionId = 1715085162020_14.153.18.176_54503
20:32:42.863 [com.alibaba.nacos.client.remote.worker.0] INFO  c.a.n.c.r.client - [printIfInfoEnabled,63] - [fee91fb6-3f6e-415f-9ce4-8f086ee32eae_config-0] Notify connected event to listeners.
20:32:42.864 [com.alibaba.nacos.client.remote.worker.0] INFO  c.a.n.c.c.i.ClientWorker - [onConnected,713] - [fee91fb6-3f6e-415f-9ce4-8f086ee32eae_config-0] Connected,notify listen context...
20:32:42.864 [main] INFO  c.a.n.c.r.client - [printIfInfoEnabled,63] - [fee91fb6-3f6e-415f-9ce4-8f086ee32eae_config-0] Register server push request handler:com.alibaba.nacos.common.remote.client.RpcClient$ConnectResetRequestHandler
20:32:42.866 [main] INFO  c.a.n.c.r.client - [printIfInfoEnabled,63] - [fee91fb6-3f6e-415f-9ce4-8f086ee32eae_config-0] Register server push request handler:com.alibaba.nacos.common.remote.client.RpcClient$$Lambda/0x0000021548535440
20:32:42.929 [main] INFO  c.a.n.c.c.u.JvmUtil - [init,59] - isMultiInstance:false
20:32:43.080 [main] INFO  c.v.s.VkSystemApplication - [logStartupProfileInfo,660] - The following 1 profile is active: "dev"
20:48:40.086 [background-preinit] INFO  o.h.v.i.util.Version - [<clinit>,21] - HV000001: Hibernate Validator 8.0.1.Final
20:48:40.257 [main] INFO  c.a.n.c.u.ParamUtil - [<clinit>,89] - [settings] [req-serv] nacos-server port:8848
20:48:40.257 [main] INFO  c.a.n.c.u.ParamUtil - [<clinit>,92] - [settings] [http-client] connect timeout:1000
20:48:40.258 [main] INFO  c.a.n.c.u.ParamUtil - [<clinit>,97] - PER_TASK_CONFIG_SIZE: 3000.0
20:48:40.272 [main] INFO  c.a.n.common.labels - [getLabels,48] - DefaultLabelsCollectorManager get labels.....
20:48:40.272 [main] INFO  c.a.n.common.labels - [getLabels,62] - Process LabelsCollector with [name:defaultNacosLabelsCollector]
20:48:40.273 [main] INFO  c.a.n.common.labels - [collectLabels,62] - default nacos collect properties raw labels: null
20:48:40.273 [main] INFO  c.a.n.common.labels - [collectLabels,69] - default nacos collect properties labels: {}
20:48:40.273 [main] INFO  c.a.n.common.labels - [collectLabels,72] - default nacos collect jvm raw labels: null
20:48:40.273 [main] INFO  c.a.n.common.labels - [collectLabels,78] - default nacos collect jvm labels: {}
20:48:40.274 [main] INFO  c.a.n.common.labels - [collectLabels,81] - default nacos collect env raw labels: null
20:48:40.274 [main] INFO  c.a.n.common.labels - [collectLabels,89] - default nacos collect env labels: {}
20:48:40.274 [main] INFO  c.a.n.common.labels - [getLabels,50] - DefaultLabelsCollectorManager get labels finished,labels :{}
20:48:40.278 [main] INFO  c.a.n.p.a.s.c.ClientAuthPluginManager - [init,56] - [ClientAuthPluginManager] Load ClientAuthService com.alibaba.nacos.client.auth.impl.NacosClientAuthServiceImpl success.
20:48:40.279 [main] INFO  c.a.n.p.a.s.c.ClientAuthPluginManager - [init,56] - [ClientAuthPluginManager] Load ClientAuthService com.alibaba.nacos.client.auth.ram.RamClientAuthServiceImpl success.
20:48:40.281 [main] INFO  c.a.n.c.a.r.i.CredentialWatcher - [loadCredentialFromEnv,189] - null No credential found
20:48:40.346 [main] INFO  c.a.n.c.c.i.Limiter - [<clinit>,55] - limitTime:5.0
20:48:40.581 [main] INFO  c.a.n.c.c.i.LocalConfigInfoProcessor - [<clinit>,65] - LOCAL_SNAPSHOT_PATH:C:\Users\Null\nacos\config
20:48:40.583 [main] INFO  c.a.n.c.r.client - [lambda$createClient$0,118] - [RpcClientFactory] create a new rpc client of b9030d1d-1abb-4e03-84f3-1ee796772537_config-0
20:48:40.595 [main] INFO  c.a.n.c.r.client - [printIfInfoEnabled,63] - [b9030d1d-1abb-4e03-84f3-1ee796772537_config-0] Register server push request handler:com.alibaba.nacos.client.config.impl.ClientWorker$ConfigRpcTransportClient$$Lambda/0x0000017844406258
20:48:40.595 [main] INFO  c.a.n.c.r.client - [printIfInfoEnabled,63] - [b9030d1d-1abb-4e03-84f3-1ee796772537_config-0] Register server push request handler:com.alibaba.nacos.client.config.impl.ClientWorker$ConfigRpcTransportClient$$Lambda/0x0000017844406678
20:48:40.595 [main] INFO  c.a.n.c.r.client - [printIfInfoEnabled,63] - [b9030d1d-1abb-4e03-84f3-1ee796772537_config-0] Registry connection listener to current client:com.alibaba.nacos.client.config.impl.ClientWorker$ConfigRpcTransportClient$1
20:48:40.596 [main] INFO  c.a.n.c.r.client - [printIfInfoEnabled,63] - [b9030d1d-1abb-4e03-84f3-1ee796772537_config-0] RpcClient init, ServerListFactory = com.alibaba.nacos.client.config.impl.ClientWorker$ConfigRpcTransportClient$2
20:48:40.600 [main] INFO  c.a.n.c.r.client - [printIfInfoEnabled,63] - [b9030d1d-1abb-4e03-84f3-1ee796772537_config-0] Try to connect to server on start up, server: {serverIp = '123.207.35.9', server main port = 8848}
20:48:40.613 [main] INFO  c.a.n.c.r.c.g.GrpcClient - [createNewManagedChannel,210] - grpc client connection server:123.207.35.9 ip,serverPort:9848,grpcTslConfig:{"sslProvider":"","enableTls":false,"mutualAuthEnable":false,"trustAll":false}
20:48:40.967 [main] INFO  c.a.n.c.a.AbstractAbilityControlManager - [initAbilityTable,61] - Ready to get current node abilities...
20:48:40.968 [main] INFO  c.a.n.c.a.AbstractAbilityControlManager - [initAbilityTable,89] - Ready to initialize current node abilities, support modes: [SDK_CLIENT]
20:48:40.969 [main] INFO  c.a.n.c.a.AbstractAbilityControlManager - [initAbilityTable,94] - Initialize current abilities finish...
20:48:40.969 [main] INFO  c.a.n.c.a.d.NacosAbilityManagerHolder - [initAbilityControlManager,85] - [AbilityControlManager] Successfully initialize AbilityControlManager
20:48:41.081 [main] INFO  c.a.n.c.r.client - [printIfInfoEnabled,63] - [b9030d1d-1abb-4e03-84f3-1ee796772537_config-0] Success to connect to server [123.207.35.9:8848] on start up, connectionId = 1715086120261_14.153.18.176_55522
20:48:41.082 [com.alibaba.nacos.client.remote.worker.0] INFO  c.a.n.c.r.client - [printIfInfoEnabled,63] - [b9030d1d-1abb-4e03-84f3-1ee796772537_config-0] Notify connected event to listeners.
20:48:41.083 [com.alibaba.nacos.client.remote.worker.0] INFO  c.a.n.c.c.i.ClientWorker - [onConnected,713] - [b9030d1d-1abb-4e03-84f3-1ee796772537_config-0] Connected,notify listen context...
20:48:41.083 [main] INFO  c.a.n.c.r.client - [printIfInfoEnabled,63] - [b9030d1d-1abb-4e03-84f3-1ee796772537_config-0] Register server push request handler:com.alibaba.nacos.common.remote.client.RpcClient$ConnectResetRequestHandler
20:48:41.084 [main] INFO  c.a.n.c.r.client - [printIfInfoEnabled,63] - [b9030d1d-1abb-4e03-84f3-1ee796772537_config-0] Register server push request handler:com.alibaba.nacos.common.remote.client.RpcClient$$Lambda/0x000001784453c6a0
20:48:41.133 [main] INFO  c.a.n.c.c.u.JvmUtil - [init,59] - isMultiInstance:false
20:48:41.206 [main] INFO  c.v.s.VkSystemApplication - [logStartupProfileInfo,660] - The following 1 profile is active: "dev"
20:50:14.608 [background-preinit] INFO  o.h.v.i.util.Version - [<clinit>,21] - HV000001: Hibernate Validator 8.0.1.Final
20:50:15.881 [main] INFO  c.a.n.c.u.ParamUtil - [<clinit>,89] - [settings] [req-serv] nacos-server port:8848
20:50:15.882 [main] INFO  c.a.n.c.u.ParamUtil - [<clinit>,92] - [settings] [http-client] connect timeout:1000
20:50:15.882 [Thread-1] INFO  c.a.n.c.a.r.i.CredentialWatcher - [loadCredentialFromEnv,189] - null No credential found
20:50:15.887 [main] INFO  c.a.n.c.u.ParamUtil - [<clinit>,97] - PER_TASK_CONFIG_SIZE: 3000.0
20:50:15.945 [main] INFO  c.a.n.common.labels - [getLabels,48] - DefaultLabelsCollectorManager get labels.....
20:50:15.945 [main] INFO  c.a.n.common.labels - [getLabels,62] - Process LabelsCollector with [name:defaultNacosLabelsCollector]
20:50:15.946 [main] INFO  c.a.n.common.labels - [collectLabels,62] - default nacos collect properties raw labels: null
20:50:15.947 [main] INFO  c.a.n.common.labels - [collectLabels,69] - default nacos collect properties labels: {}
20:50:15.948 [main] INFO  c.a.n.common.labels - [collectLabels,72] - default nacos collect jvm raw labels: null
20:50:15.948 [main] INFO  c.a.n.common.labels - [collectLabels,78] - default nacos collect jvm labels: {}
20:50:15.949 [main] INFO  c.a.n.common.labels - [collectLabels,81] - default nacos collect env raw labels: null
20:50:15.949 [main] INFO  c.a.n.common.labels - [collectLabels,89] - default nacos collect env labels: {}
20:50:15.950 [main] INFO  c.a.n.common.labels - [getLabels,50] - DefaultLabelsCollectorManager get labels finished,labels :{}
20:50:15.975 [main] INFO  c.a.n.p.a.s.c.ClientAuthPluginManager - [init,56] - [ClientAuthPluginManager] Load ClientAuthService com.alibaba.nacos.client.auth.impl.NacosClientAuthServiceImpl success.
20:50:15.975 [main] INFO  c.a.n.p.a.s.c.ClientAuthPluginManager - [init,56] - [ClientAuthPluginManager] Load ClientAuthService com.alibaba.nacos.client.auth.ram.RamClientAuthServiceImpl success.
20:50:16.053 [main] INFO  c.a.n.c.c.i.Limiter - [<clinit>,55] - limitTime:5.0
20:50:17.087 [main] INFO  c.a.n.c.c.i.LocalConfigInfoProcessor - [<clinit>,65] - LOCAL_SNAPSHOT_PATH:C:\Users\Null\nacos\config
20:50:17.094 [main] INFO  c.a.n.c.r.client - [lambda$createClient$0,118] - [RpcClientFactory] create a new rpc client of 8b3e6f42-3b1f-46a1-b72f-42a645bde6a2_config-0
20:50:17.144 [main] INFO  c.a.n.c.r.client - [printIfInfoEnabled,63] - [8b3e6f42-3b1f-46a1-b72f-42a645bde6a2_config-0] Register server push request handler:com.alibaba.nacos.client.config.impl.ClientWorker$ConfigRpcTransportClient$$Lambda/0x00000287813e4268
20:50:17.145 [main] INFO  c.a.n.c.r.client - [printIfInfoEnabled,63] - [8b3e6f42-3b1f-46a1-b72f-42a645bde6a2_config-0] Register server push request handler:com.alibaba.nacos.client.config.impl.ClientWorker$ConfigRpcTransportClient$$Lambda/0x00000287813e4688
20:50:17.146 [main] INFO  c.a.n.c.r.client - [printIfInfoEnabled,63] - [8b3e6f42-3b1f-46a1-b72f-42a645bde6a2_config-0] Registry connection listener to current client:com.alibaba.nacos.client.config.impl.ClientWorker$ConfigRpcTransportClient$1
20:50:17.147 [main] INFO  c.a.n.c.r.client - [printIfInfoEnabled,63] - [8b3e6f42-3b1f-46a1-b72f-42a645bde6a2_config-0] RpcClient init, ServerListFactory = com.alibaba.nacos.client.config.impl.ClientWorker$ConfigRpcTransportClient$2
20:50:17.163 [main] INFO  c.a.n.c.r.client - [printIfInfoEnabled,63] - [8b3e6f42-3b1f-46a1-b72f-42a645bde6a2_config-0] Try to connect to server on start up, server: {serverIp = '123.207.35.9', server main port = 8848}
20:50:17.207 [main] INFO  c.a.n.c.r.c.g.GrpcClient - [createNewManagedChannel,210] - grpc client connection server:123.207.35.9 ip,serverPort:9848,grpcTslConfig:{"sslProvider":"","enableTls":false,"mutualAuthEnable":false,"trustAll":false}
20:50:17.998 [main] INFO  c.a.n.c.a.AbstractAbilityControlManager - [initAbilityTable,61] - Ready to get current node abilities...
20:50:18.007 [main] INFO  c.a.n.c.a.AbstractAbilityControlManager - [initAbilityTable,89] - Ready to initialize current node abilities, support modes: [SDK_CLIENT]
20:50:18.008 [main] INFO  c.a.n.c.a.AbstractAbilityControlManager - [initAbilityTable,94] - Initialize current abilities finish...
20:50:18.009 [main] INFO  c.a.n.c.a.d.NacosAbilityManagerHolder - [initAbilityControlManager,85] - [AbilityControlManager] Successfully initialize AbilityControlManager
20:50:18.123 [main] INFO  c.a.n.c.r.client - [printIfInfoEnabled,63] - [8b3e6f42-3b1f-46a1-b72f-42a645bde6a2_config-0] Success to connect to server [123.207.35.9:8848] on start up, connectionId = 1715086217257_14.153.18.176_55908
20:50:18.128 [com.alibaba.nacos.client.remote.worker.0] INFO  c.a.n.c.r.client - [printIfInfoEnabled,63] - [8b3e6f42-3b1f-46a1-b72f-42a645bde6a2_config-0] Notify connected event to listeners.
20:50:18.130 [com.alibaba.nacos.client.remote.worker.0] INFO  c.a.n.c.c.i.ClientWorker - [onConnected,713] - [8b3e6f42-3b1f-46a1-b72f-42a645bde6a2_config-0] Connected,notify listen context...
20:50:18.133 [main] INFO  c.a.n.c.r.client - [printIfInfoEnabled,63] - [8b3e6f42-3b1f-46a1-b72f-42a645bde6a2_config-0] Register server push request handler:com.alibaba.nacos.common.remote.client.RpcClient$ConnectResetRequestHandler
20:50:18.136 [main] INFO  c.a.n.c.r.client - [printIfInfoEnabled,63] - [8b3e6f42-3b1f-46a1-b72f-42a645bde6a2_config-0] Register server push request handler:com.alibaba.nacos.common.remote.client.RpcClient$$Lambda/0x000002878155ebf8
20:50:18.248 [main] INFO  c.a.n.c.c.u.JvmUtil - [init,59] - isMultiInstance:false
20:50:18.407 [main] INFO  c.v.s.VkSystemApplication - [logStartupProfileInfo,660] - The following 1 profile is active: "dev"
20:53:15.410 [background-preinit] INFO  o.h.v.i.util.Version - [<clinit>,21] - HV000001: Hibernate Validator 8.0.1.Final
20:53:15.579 [main] INFO  c.a.n.c.u.ParamUtil - [<clinit>,89] - [settings] [req-serv] nacos-server port:8848
20:53:15.579 [main] INFO  c.a.n.c.u.ParamUtil - [<clinit>,92] - [settings] [http-client] connect timeout:1000
20:53:15.580 [main] INFO  c.a.n.c.u.ParamUtil - [<clinit>,97] - PER_TASK_CONFIG_SIZE: 3000.0
20:53:15.594 [main] INFO  c.a.n.common.labels - [getLabels,48] - DefaultLabelsCollectorManager get labels.....
20:53:15.594 [main] INFO  c.a.n.common.labels - [getLabels,62] - Process LabelsCollector with [name:defaultNacosLabelsCollector]
20:53:15.594 [main] INFO  c.a.n.common.labels - [collectLabels,62] - default nacos collect properties raw labels: null
20:53:15.595 [main] INFO  c.a.n.common.labels - [collectLabels,69] - default nacos collect properties labels: {}
20:53:15.595 [main] INFO  c.a.n.common.labels - [collectLabels,72] - default nacos collect jvm raw labels: null
20:53:15.595 [main] INFO  c.a.n.common.labels - [collectLabels,78] - default nacos collect jvm labels: {}
20:53:15.595 [main] INFO  c.a.n.common.labels - [collectLabels,81] - default nacos collect env raw labels: null
20:53:15.595 [main] INFO  c.a.n.common.labels - [collectLabels,89] - default nacos collect env labels: {}
20:53:15.595 [main] INFO  c.a.n.common.labels - [getLabels,50] - DefaultLabelsCollectorManager get labels finished,labels :{}
20:53:15.600 [main] INFO  c.a.n.p.a.s.c.ClientAuthPluginManager - [init,56] - [ClientAuthPluginManager] Load ClientAuthService com.alibaba.nacos.client.auth.impl.NacosClientAuthServiceImpl success.
20:53:15.600 [main] INFO  c.a.n.p.a.s.c.ClientAuthPluginManager - [init,56] - [ClientAuthPluginManager] Load ClientAuthService com.alibaba.nacos.client.auth.ram.RamClientAuthServiceImpl success.
20:53:15.602 [main] INFO  c.a.n.c.a.r.i.CredentialWatcher - [loadCredentialFromEnv,189] - null No credential found
20:53:15.669 [main] INFO  c.a.n.c.c.i.Limiter - [<clinit>,55] - limitTime:5.0
20:53:15.904 [main] INFO  c.a.n.c.c.i.LocalConfigInfoProcessor - [<clinit>,65] - LOCAL_SNAPSHOT_PATH:C:\Users\Null\nacos\config
20:53:15.906 [main] INFO  c.a.n.c.r.client - [lambda$createClient$0,118] - [RpcClientFactory] create a new rpc client of be800c12-e55f-45f7-997a-eb6966572326_config-0
20:53:15.918 [main] INFO  c.a.n.c.r.client - [printIfInfoEnabled,63] - [be800c12-e55f-45f7-997a-eb6966572326_config-0] Register server push request handler:com.alibaba.nacos.client.config.impl.ClientWorker$ConfigRpcTransportClient$$Lambda/0x000001b5b9420458
20:53:15.918 [main] INFO  c.a.n.c.r.client - [printIfInfoEnabled,63] - [be800c12-e55f-45f7-997a-eb6966572326_config-0] Register server push request handler:com.alibaba.nacos.client.config.impl.ClientWorker$ConfigRpcTransportClient$$Lambda/0x000001b5b9420878
20:53:15.918 [main] INFO  c.a.n.c.r.client - [printIfInfoEnabled,63] - [be800c12-e55f-45f7-997a-eb6966572326_config-0] Registry connection listener to current client:com.alibaba.nacos.client.config.impl.ClientWorker$ConfigRpcTransportClient$1
20:53:15.919 [main] INFO  c.a.n.c.r.client - [printIfInfoEnabled,63] - [be800c12-e55f-45f7-997a-eb6966572326_config-0] RpcClient init, ServerListFactory = com.alibaba.nacos.client.config.impl.ClientWorker$ConfigRpcTransportClient$2
20:53:15.923 [main] INFO  c.a.n.c.r.client - [printIfInfoEnabled,63] - [be800c12-e55f-45f7-997a-eb6966572326_config-0] Try to connect to server on start up, server: {serverIp = '123.207.35.9', server main port = 8848}
20:53:15.936 [main] INFO  c.a.n.c.r.c.g.GrpcClient - [createNewManagedChannel,210] - grpc client connection server:123.207.35.9 ip,serverPort:9848,grpcTslConfig:{"sslProvider":"","enableTls":false,"mutualAuthEnable":false,"trustAll":false}
20:53:16.286 [main] INFO  c.a.n.c.a.AbstractAbilityControlManager - [initAbilityTable,61] - Ready to get current node abilities...
20:53:16.288 [main] INFO  c.a.n.c.a.AbstractAbilityControlManager - [initAbilityTable,89] - Ready to initialize current node abilities, support modes: [SDK_CLIENT]
20:53:16.289 [main] INFO  c.a.n.c.a.AbstractAbilityControlManager - [initAbilityTable,94] - Initialize current abilities finish...
20:53:16.289 [main] INFO  c.a.n.c.a.d.NacosAbilityManagerHolder - [initAbilityControlManager,85] - [AbilityControlManager] Successfully initialize AbilityControlManager
20:53:16.396 [main] INFO  c.a.n.c.r.client - [printIfInfoEnabled,63] - [be800c12-e55f-45f7-997a-eb6966572326_config-0] Success to connect to server [123.207.35.9:8848] on start up, connectionId = 1715086395583_14.153.18.176_56548
20:53:16.398 [com.alibaba.nacos.client.remote.worker.0] INFO  c.a.n.c.r.client - [printIfInfoEnabled,63] - [be800c12-e55f-45f7-997a-eb6966572326_config-0] Notify connected event to listeners.
20:53:16.400 [com.alibaba.nacos.client.remote.worker.0] INFO  c.a.n.c.c.i.ClientWorker - [onConnected,713] - [be800c12-e55f-45f7-997a-eb6966572326_config-0] Connected,notify listen context...
20:53:16.400 [main] INFO  c.a.n.c.r.client - [printIfInfoEnabled,63] - [be800c12-e55f-45f7-997a-eb6966572326_config-0] Register server push request handler:com.alibaba.nacos.common.remote.client.RpcClient$ConnectResetRequestHandler
20:53:16.401 [main] INFO  c.a.n.c.r.client - [printIfInfoEnabled,63] - [be800c12-e55f-45f7-997a-eb6966572326_config-0] Register server push request handler:com.alibaba.nacos.common.remote.client.RpcClient$$Lambda/0x000001b5b9555cb0
20:53:16.444 [main] INFO  c.a.n.c.c.u.JvmUtil - [init,59] - isMultiInstance:false
20:53:16.515 [main] INFO  c.v.s.VkSystemApplication - [logStartupProfileInfo,660] - The following 1 profile is active: "dev"
20:59:13.869 [background-preinit] INFO  o.h.v.i.util.Version - [<clinit>,21] - HV000001: Hibernate Validator 8.0.1.Final
20:59:14.044 [main] INFO  c.a.n.c.u.ParamUtil - [<clinit>,89] - [settings] [req-serv] nacos-server port:8848
20:59:14.044 [main] INFO  c.a.n.c.u.ParamUtil - [<clinit>,92] - [settings] [http-client] connect timeout:1000
20:59:14.045 [main] INFO  c.a.n.c.u.ParamUtil - [<clinit>,97] - PER_TASK_CONFIG_SIZE: 3000.0
20:59:14.059 [main] INFO  c.a.n.common.labels - [getLabels,48] - DefaultLabelsCollectorManager get labels.....
20:59:14.060 [main] INFO  c.a.n.common.labels - [getLabels,62] - Process LabelsCollector with [name:defaultNacosLabelsCollector]
20:59:14.060 [main] INFO  c.a.n.common.labels - [collectLabels,62] - default nacos collect properties raw labels: null
20:59:14.060 [main] INFO  c.a.n.common.labels - [collectLabels,69] - default nacos collect properties labels: {}
20:59:14.060 [main] INFO  c.a.n.common.labels - [collectLabels,72] - default nacos collect jvm raw labels: null
20:59:14.061 [main] INFO  c.a.n.common.labels - [collectLabels,78] - default nacos collect jvm labels: {}
20:59:14.061 [main] INFO  c.a.n.common.labels - [collectLabels,81] - default nacos collect env raw labels: null
20:59:14.061 [main] INFO  c.a.n.common.labels - [collectLabels,89] - default nacos collect env labels: {}
20:59:14.061 [main] INFO  c.a.n.common.labels - [getLabels,50] - DefaultLabelsCollectorManager get labels finished,labels :{}
20:59:14.065 [main] INFO  c.a.n.p.a.s.c.ClientAuthPluginManager - [init,56] - [ClientAuthPluginManager] Load ClientAuthService com.alibaba.nacos.client.auth.impl.NacosClientAuthServiceImpl success.
20:59:14.065 [main] INFO  c.a.n.p.a.s.c.ClientAuthPluginManager - [init,56] - [ClientAuthPluginManager] Load ClientAuthService com.alibaba.nacos.client.auth.ram.RamClientAuthServiceImpl success.
20:59:14.067 [main] INFO  c.a.n.c.a.r.i.CredentialWatcher - [loadCredentialFromEnv,189] - null No credential found
20:59:14.129 [main] INFO  c.a.n.c.c.i.Limiter - [<clinit>,55] - limitTime:5.0
20:59:14.357 [main] INFO  c.a.n.c.c.i.LocalConfigInfoProcessor - [<clinit>,65] - LOCAL_SNAPSHOT_PATH:C:\Users\Null\nacos\config
20:59:14.360 [main] INFO  c.a.n.c.r.client - [lambda$createClient$0,118] - [RpcClientFactory] create a new rpc client of 1be32555-ba93-454d-b4cd-a513da4d3af7_config-0
20:59:14.371 [main] INFO  c.a.n.c.r.client - [printIfInfoEnabled,63] - [1be32555-ba93-454d-b4cd-a513da4d3af7_config-0] Register server push request handler:com.alibaba.nacos.client.config.impl.ClientWorker$ConfigRpcTransportClient$$Lambda/0x000002ce40406060
20:59:14.372 [main] INFO  c.a.n.c.r.client - [printIfInfoEnabled,63] - [1be32555-ba93-454d-b4cd-a513da4d3af7_config-0] Register server push request handler:com.alibaba.nacos.client.config.impl.ClientWorker$ConfigRpcTransportClient$$Lambda/0x000002ce40406480
20:59:14.372 [main] INFO  c.a.n.c.r.client - [printIfInfoEnabled,63] - [1be32555-ba93-454d-b4cd-a513da4d3af7_config-0] Registry connection listener to current client:com.alibaba.nacos.client.config.impl.ClientWorker$ConfigRpcTransportClient$1
20:59:14.372 [main] INFO  c.a.n.c.r.client - [printIfInfoEnabled,63] - [1be32555-ba93-454d-b4cd-a513da4d3af7_config-0] RpcClient init, ServerListFactory = com.alibaba.nacos.client.config.impl.ClientWorker$ConfigRpcTransportClient$2
20:59:14.376 [main] INFO  c.a.n.c.r.client - [printIfInfoEnabled,63] - [1be32555-ba93-454d-b4cd-a513da4d3af7_config-0] Try to connect to server on start up, server: {serverIp = '123.207.35.9', server main port = 8848}
20:59:14.390 [main] INFO  c.a.n.c.r.c.g.GrpcClient - [createNewManagedChannel,210] - grpc client connection server:123.207.35.9 ip,serverPort:9848,grpcTslConfig:{"sslProvider":"","enableTls":false,"mutualAuthEnable":false,"trustAll":false}
20:59:14.730 [main] INFO  c.a.n.c.a.AbstractAbilityControlManager - [initAbilityTable,61] - Ready to get current node abilities...
20:59:14.731 [main] INFO  c.a.n.c.a.AbstractAbilityControlManager - [initAbilityTable,89] - Ready to initialize current node abilities, support modes: [SDK_CLIENT]
20:59:14.731 [main] INFO  c.a.n.c.a.AbstractAbilityControlManager - [initAbilityTable,94] - Initialize current abilities finish...
20:59:14.731 [main] INFO  c.a.n.c.a.d.NacosAbilityManagerHolder - [initAbilityControlManager,85] - [AbilityControlManager] Successfully initialize AbilityControlManager
20:59:14.837 [main] INFO  c.a.n.c.r.client - [printIfInfoEnabled,63] - [1be32555-ba93-454d-b4cd-a513da4d3af7_config-0] Success to connect to server [123.207.35.9:8848] on start up, connectionId = 1715086754030_14.153.18.176_54617
20:59:14.838 [com.alibaba.nacos.client.remote.worker.0] INFO  c.a.n.c.r.client - [printIfInfoEnabled,63] - [1be32555-ba93-454d-b4cd-a513da4d3af7_config-0] Notify connected event to listeners.
20:59:14.839 [com.alibaba.nacos.client.remote.worker.0] INFO  c.a.n.c.c.i.ClientWorker - [onConnected,713] - [1be32555-ba93-454d-b4cd-a513da4d3af7_config-0] Connected,notify listen context...
20:59:14.839 [main] INFO  c.a.n.c.r.client - [printIfInfoEnabled,63] - [1be32555-ba93-454d-b4cd-a513da4d3af7_config-0] Register server push request handler:com.alibaba.nacos.common.remote.client.RpcClient$ConnectResetRequestHandler
20:59:14.840 [main] INFO  c.a.n.c.r.client - [printIfInfoEnabled,63] - [1be32555-ba93-454d-b4cd-a513da4d3af7_config-0] Register server push request handler:com.alibaba.nacos.common.remote.client.RpcClient$$Lambda/0x000002ce4053c6a0
20:59:14.883 [main] INFO  c.a.n.c.c.u.JvmUtil - [init,59] - isMultiInstance:false
20:59:14.948 [main] INFO  c.v.s.VkSystemApplication - [logStartupProfileInfo,660] - The following 1 profile is active: "dev"
21:08:28.301 [background-preinit] INFO  o.h.v.i.util.Version - [<clinit>,21] - HV000001: Hibernate Validator 8.0.1.Final
21:08:28.472 [main] INFO  c.a.n.c.u.ParamUtil - [<clinit>,89] - [settings] [req-serv] nacos-server port:8848
21:08:28.473 [main] INFO  c.a.n.c.u.ParamUtil - [<clinit>,92] - [settings] [http-client] connect timeout:1000
21:08:28.474 [main] INFO  c.a.n.c.u.ParamUtil - [<clinit>,97] - PER_TASK_CONFIG_SIZE: 3000.0
21:08:28.488 [main] INFO  c.a.n.common.labels - [getLabels,48] - DefaultLabelsCollectorManager get labels.....
21:08:28.488 [main] INFO  c.a.n.common.labels - [getLabels,62] - Process LabelsCollector with [name:defaultNacosLabelsCollector]
21:08:28.488 [main] INFO  c.a.n.common.labels - [collectLabels,62] - default nacos collect properties raw labels: null
21:08:28.489 [main] INFO  c.a.n.common.labels - [collectLabels,69] - default nacos collect properties labels: {}
21:08:28.489 [main] INFO  c.a.n.common.labels - [collectLabels,72] - default nacos collect jvm raw labels: null
21:08:28.489 [main] INFO  c.a.n.common.labels - [collectLabels,78] - default nacos collect jvm labels: {}
21:08:28.489 [main] INFO  c.a.n.common.labels - [collectLabels,81] - default nacos collect env raw labels: null
21:08:28.489 [main] INFO  c.a.n.common.labels - [collectLabels,89] - default nacos collect env labels: {}
21:08:28.489 [main] INFO  c.a.n.common.labels - [getLabels,50] - DefaultLabelsCollectorManager get labels finished,labels :{}
21:08:28.493 [main] INFO  c.a.n.p.a.s.c.ClientAuthPluginManager - [init,56] - [ClientAuthPluginManager] Load ClientAuthService com.alibaba.nacos.client.auth.impl.NacosClientAuthServiceImpl success.
21:08:28.494 [main] INFO  c.a.n.p.a.s.c.ClientAuthPluginManager - [init,56] - [ClientAuthPluginManager] Load ClientAuthService com.alibaba.nacos.client.auth.ram.RamClientAuthServiceImpl success.
21:08:28.496 [main] INFO  c.a.n.c.a.r.i.CredentialWatcher - [loadCredentialFromEnv,189] - null No credential found
21:08:28.560 [main] INFO  c.a.n.c.c.i.Limiter - [<clinit>,55] - limitTime:5.0
21:08:28.786 [main] INFO  c.a.n.c.c.i.LocalConfigInfoProcessor - [<clinit>,65] - LOCAL_SNAPSHOT_PATH:C:\Users\Null\nacos\config
21:08:28.789 [main] INFO  c.a.n.c.r.client - [lambda$createClient$0,118] - [RpcClientFactory] create a new rpc client of 40d148ba-c5e8-49eb-8823-842e51023bf0_config-0
21:08:28.800 [main] INFO  c.a.n.c.r.client - [printIfInfoEnabled,63] - [40d148ba-c5e8-49eb-8823-842e51023bf0_config-0] Register server push request handler:com.alibaba.nacos.client.config.impl.ClientWorker$ConfigRpcTransportClient$$Lambda/0x00000260324079a8
21:08:28.801 [main] INFO  c.a.n.c.r.client - [printIfInfoEnabled,63] - [40d148ba-c5e8-49eb-8823-842e51023bf0_config-0] Register server push request handler:com.alibaba.nacos.client.config.impl.ClientWorker$ConfigRpcTransportClient$$Lambda/0x0000026032407dc8
21:08:28.801 [main] INFO  c.a.n.c.r.client - [printIfInfoEnabled,63] - [40d148ba-c5e8-49eb-8823-842e51023bf0_config-0] Registry connection listener to current client:com.alibaba.nacos.client.config.impl.ClientWorker$ConfigRpcTransportClient$1
21:08:28.801 [main] INFO  c.a.n.c.r.client - [printIfInfoEnabled,63] - [40d148ba-c5e8-49eb-8823-842e51023bf0_config-0] RpcClient init, ServerListFactory = com.alibaba.nacos.client.config.impl.ClientWorker$ConfigRpcTransportClient$2
21:08:28.805 [main] INFO  c.a.n.c.r.client - [printIfInfoEnabled,63] - [40d148ba-c5e8-49eb-8823-842e51023bf0_config-0] Try to connect to server on start up, server: {serverIp = '123.207.35.9', server main port = 8848}
21:08:28.818 [main] INFO  c.a.n.c.r.c.g.GrpcClient - [createNewManagedChannel,210] - grpc client connection server:123.207.35.9 ip,serverPort:9848,grpcTslConfig:{"sslProvider":"","enableTls":false,"mutualAuthEnable":false,"trustAll":false}
21:08:29.166 [main] INFO  c.a.n.c.a.AbstractAbilityControlManager - [initAbilityTable,61] - Ready to get current node abilities...
21:08:29.167 [main] INFO  c.a.n.c.a.AbstractAbilityControlManager - [initAbilityTable,89] - Ready to initialize current node abilities, support modes: [SDK_CLIENT]
21:08:29.167 [main] INFO  c.a.n.c.a.AbstractAbilityControlManager - [initAbilityTable,94] - Initialize current abilities finish...
21:08:29.168 [main] INFO  c.a.n.c.a.d.NacosAbilityManagerHolder - [initAbilityControlManager,85] - [AbilityControlManager] Successfully initialize AbilityControlManager
21:08:29.284 [main] INFO  c.a.n.c.r.client - [printIfInfoEnabled,63] - [40d148ba-c5e8-49eb-8823-842e51023bf0_config-0] Success to connect to server [123.207.35.9:8848] on start up, connectionId = 1715087308461_14.153.18.176_58013
21:08:29.284 [com.alibaba.nacos.client.remote.worker.0] INFO  c.a.n.c.r.client - [printIfInfoEnabled,63] - [40d148ba-c5e8-49eb-8823-842e51023bf0_config-0] Notify connected event to listeners.
21:08:29.284 [com.alibaba.nacos.client.remote.worker.0] INFO  c.a.n.c.c.i.ClientWorker - [onConnected,713] - [40d148ba-c5e8-49eb-8823-842e51023bf0_config-0] Connected,notify listen context...
21:08:29.284 [main] INFO  c.a.n.c.r.client - [printIfInfoEnabled,63] - [40d148ba-c5e8-49eb-8823-842e51023bf0_config-0] Register server push request handler:com.alibaba.nacos.common.remote.client.RpcClient$ConnectResetRequestHandler
21:08:29.284 [main] INFO  c.a.n.c.r.client - [printIfInfoEnabled,63] - [40d148ba-c5e8-49eb-8823-842e51023bf0_config-0] Register server push request handler:com.alibaba.nacos.common.remote.client.RpcClient$$Lambda/0x000002603253f898
21:08:29.327 [main] INFO  c.a.n.c.c.u.JvmUtil - [init,59] - isMultiInstance:false
21:08:29.390 [main] INFO  c.v.s.VkSystemApplication - [logStartupProfileInfo,660] - The following 1 profile is active: "dev"
21:55:31.814 [background-preinit] INFO  o.h.v.i.util.Version - [<clinit>,21] - HV000001: Hibernate Validator 8.0.1.Final
21:55:31.983 [main] INFO  c.a.n.c.u.ParamUtil - [<clinit>,89] - [settings] [req-serv] nacos-server port:8848
21:55:31.983 [main] INFO  c.a.n.c.u.ParamUtil - [<clinit>,92] - [settings] [http-client] connect timeout:1000
21:55:31.984 [main] INFO  c.a.n.c.u.ParamUtil - [<clinit>,97] - PER_TASK_CONFIG_SIZE: 3000.0
21:55:31.997 [main] INFO  c.a.n.common.labels - [getLabels,48] - DefaultLabelsCollectorManager get labels.....
21:55:31.997 [main] INFO  c.a.n.common.labels - [getLabels,62] - Process LabelsCollector with [name:defaultNacosLabelsCollector]
21:55:31.998 [main] INFO  c.a.n.common.labels - [collectLabels,62] - default nacos collect properties raw labels: null
21:55:31.998 [main] INFO  c.a.n.common.labels - [collectLabels,69] - default nacos collect properties labels: {}
21:55:31.998 [main] INFO  c.a.n.common.labels - [collectLabels,72] - default nacos collect jvm raw labels: null
21:55:31.998 [main] INFO  c.a.n.common.labels - [collectLabels,78] - default nacos collect jvm labels: {}
21:55:31.999 [main] INFO  c.a.n.common.labels - [collectLabels,81] - default nacos collect env raw labels: null
21:55:31.999 [main] INFO  c.a.n.common.labels - [collectLabels,89] - default nacos collect env labels: {}
21:55:31.999 [main] INFO  c.a.n.common.labels - [getLabels,50] - DefaultLabelsCollectorManager get labels finished,labels :{}
21:55:32.003 [main] INFO  c.a.n.p.a.s.c.ClientAuthPluginManager - [init,56] - [ClientAuthPluginManager] Load ClientAuthService com.alibaba.nacos.client.auth.impl.NacosClientAuthServiceImpl success.
21:55:32.003 [main] INFO  c.a.n.p.a.s.c.ClientAuthPluginManager - [init,56] - [ClientAuthPluginManager] Load ClientAuthService com.alibaba.nacos.client.auth.ram.RamClientAuthServiceImpl success.
21:55:32.044 [Thread-1] INFO  c.a.n.c.a.r.i.CredentialWatcher - [loadCredentialFromEnv,189] - null No credential found
21:55:32.063 [main] INFO  c.a.n.c.c.i.Limiter - [<clinit>,55] - limitTime:5.0
21:55:32.283 [main] INFO  c.a.n.c.c.i.LocalConfigInfoProcessor - [<clinit>,65] - LOCAL_SNAPSHOT_PATH:C:\Users\Null\nacos\config
21:55:32.285 [main] INFO  c.a.n.c.r.client - [lambda$createClient$0,118] - [RpcClientFactory] create a new rpc client of 34afe983-62e4-4be1-96bd-0a02c564cc12_config-0
21:55:32.296 [main] INFO  c.a.n.c.r.client - [printIfInfoEnabled,63] - [34afe983-62e4-4be1-96bd-0a02c564cc12_config-0] Register server push request handler:com.alibaba.nacos.client.config.impl.ClientWorker$ConfigRpcTransportClient$$Lambda/0x0000026159403068
21:55:32.297 [main] INFO  c.a.n.c.r.client - [printIfInfoEnabled,63] - [34afe983-62e4-4be1-96bd-0a02c564cc12_config-0] Register server push request handler:com.alibaba.nacos.client.config.impl.ClientWorker$ConfigRpcTransportClient$$Lambda/0x0000026159403488
21:55:32.297 [main] INFO  c.a.n.c.r.client - [printIfInfoEnabled,63] - [34afe983-62e4-4be1-96bd-0a02c564cc12_config-0] Registry connection listener to current client:com.alibaba.nacos.client.config.impl.ClientWorker$ConfigRpcTransportClient$1
21:55:32.297 [main] INFO  c.a.n.c.r.client - [printIfInfoEnabled,63] - [34afe983-62e4-4be1-96bd-0a02c564cc12_config-0] RpcClient init, ServerListFactory = com.alibaba.nacos.client.config.impl.ClientWorker$ConfigRpcTransportClient$2
21:55:32.301 [main] INFO  c.a.n.c.r.client - [printIfInfoEnabled,63] - [34afe983-62e4-4be1-96bd-0a02c564cc12_config-0] Try to connect to server on start up, server: {serverIp = '123.207.35.9', server main port = 8848}
21:55:32.314 [main] INFO  c.a.n.c.r.c.g.GrpcClient - [createNewManagedChannel,210] - grpc client connection server:123.207.35.9 ip,serverPort:9848,grpcTslConfig:{"sslProvider":"","enableTls":false,"mutualAuthEnable":false,"trustAll":false}
21:55:32.679 [main] INFO  c.a.n.c.a.AbstractAbilityControlManager - [initAbilityTable,61] - Ready to get current node abilities...
21:55:32.680 [main] INFO  c.a.n.c.a.AbstractAbilityControlManager - [initAbilityTable,89] - Ready to initialize current node abilities, support modes: [SDK_CLIENT]
21:55:32.680 [main] INFO  c.a.n.c.a.AbstractAbilityControlManager - [initAbilityTable,94] - Initialize current abilities finish...
21:55:32.681 [main] INFO  c.a.n.c.a.d.NacosAbilityManagerHolder - [initAbilityControlManager,85] - [AbilityControlManager] Successfully initialize AbilityControlManager
21:55:32.786 [main] INFO  c.a.n.c.r.client - [printIfInfoEnabled,63] - [34afe983-62e4-4be1-96bd-0a02c564cc12_config-0] Success to connect to server [123.207.35.9:8848] on start up, connectionId = 1715090131984_14.153.18.176_56676
21:55:32.787 [com.alibaba.nacos.client.remote.worker.0] INFO  c.a.n.c.r.client - [printIfInfoEnabled,63] - [34afe983-62e4-4be1-96bd-0a02c564cc12_config-0] Notify connected event to listeners.
21:55:32.788 [com.alibaba.nacos.client.remote.worker.0] INFO  c.a.n.c.c.i.ClientWorker - [onConnected,713] - [34afe983-62e4-4be1-96bd-0a02c564cc12_config-0] Connected,notify listen context...
21:55:32.788 [main] INFO  c.a.n.c.r.client - [printIfInfoEnabled,63] - [34afe983-62e4-4be1-96bd-0a02c564cc12_config-0] Register server push request handler:com.alibaba.nacos.common.remote.client.RpcClient$ConnectResetRequestHandler
21:55:32.789 [main] INFO  c.a.n.c.r.client - [printIfInfoEnabled,63] - [34afe983-62e4-4be1-96bd-0a02c564cc12_config-0] Register server push request handler:com.alibaba.nacos.common.remote.client.RpcClient$$Lambda/0x000002615953d478
21:55:32.832 [main] INFO  c.a.n.c.c.u.JvmUtil - [init,59] - isMultiInstance:false
21:55:32.891 [main] INFO  c.v.s.VkSystemApplication - [logStartupProfileInfo,660] - The following 1 profile is active: "dev"
21:55:34.326 [main] INFO  o.a.c.h.Http11NioProtocol - [log,173] - Initializing ProtocolHandler ["http-nio-19002"]
21:55:34.327 [main] INFO  o.a.c.c.StandardService - [log,173] - Starting service [Tomcat]
21:55:34.327 [main] INFO  o.a.c.c.StandardEngine - [log,173] - Starting Servlet engine: [Apache Tomcat/10.1.20]
21:55:34.378 [main] INFO  o.a.c.c.C.[.[.[/] - [log,173] - Initializing Spring embedded WebApplicationContext
21:55:34.659 [main] INFO  o.a.c.c.StandardService - [log,173] - Stopping service [Tomcat]
21:58:04.876 [background-preinit] INFO  o.h.v.i.util.Version - [<clinit>,21] - HV000001: Hibernate Validator 8.0.1.Final
21:58:05.045 [main] INFO  c.a.n.c.u.ParamUtil - [<clinit>,89] - [settings] [req-serv] nacos-server port:8848
21:58:05.046 [main] INFO  c.a.n.c.u.ParamUtil - [<clinit>,92] - [settings] [http-client] connect timeout:1000
21:58:05.047 [main] INFO  c.a.n.c.u.ParamUtil - [<clinit>,97] - PER_TASK_CONFIG_SIZE: 3000.0
21:58:05.060 [main] INFO  c.a.n.common.labels - [getLabels,48] - DefaultLabelsCollectorManager get labels.....
21:58:05.060 [main] INFO  c.a.n.common.labels - [getLabels,62] - Process LabelsCollector with [name:defaultNacosLabelsCollector]
21:58:05.060 [main] INFO  c.a.n.common.labels - [collectLabels,62] - default nacos collect properties raw labels: null
21:58:05.061 [main] INFO  c.a.n.common.labels - [collectLabels,69] - default nacos collect properties labels: {}
21:58:05.061 [main] INFO  c.a.n.common.labels - [collectLabels,72] - default nacos collect jvm raw labels: null
21:58:05.061 [main] INFO  c.a.n.common.labels - [collectLabels,78] - default nacos collect jvm labels: {}
21:58:05.061 [main] INFO  c.a.n.common.labels - [collectLabels,81] - default nacos collect env raw labels: null
21:58:05.061 [main] INFO  c.a.n.common.labels - [collectLabels,89] - default nacos collect env labels: {}
21:58:05.062 [main] INFO  c.a.n.common.labels - [getLabels,50] - DefaultLabelsCollectorManager get labels finished,labels :{}
21:58:05.066 [main] INFO  c.a.n.p.a.s.c.ClientAuthPluginManager - [init,56] - [ClientAuthPluginManager] Load ClientAuthService com.alibaba.nacos.client.auth.impl.NacosClientAuthServiceImpl success.
21:58:05.066 [main] INFO  c.a.n.p.a.s.c.ClientAuthPluginManager - [init,56] - [ClientAuthPluginManager] Load ClientAuthService com.alibaba.nacos.client.auth.ram.RamClientAuthServiceImpl success.
21:58:05.068 [main] INFO  c.a.n.c.a.r.i.CredentialWatcher - [loadCredentialFromEnv,189] - null No credential found
21:58:05.128 [main] INFO  c.a.n.c.c.i.Limiter - [<clinit>,55] - limitTime:5.0
21:58:05.361 [main] INFO  c.a.n.c.c.i.LocalConfigInfoProcessor - [<clinit>,65] - LOCAL_SNAPSHOT_PATH:C:\Users\Null\nacos\config
21:58:05.364 [main] INFO  c.a.n.c.r.client - [lambda$createClient$0,118] - [RpcClientFactory] create a new rpc client of 10db0558-3e2b-49a6-8f41-caee6d99d385_config-0
21:58:05.375 [main] INFO  c.a.n.c.r.client - [printIfInfoEnabled,63] - [10db0558-3e2b-49a6-8f41-caee6d99d385_config-0] Register server push request handler:com.alibaba.nacos.client.config.impl.ClientWorker$ConfigRpcTransportClient$$Lambda/0x000001f722405958
21:58:05.375 [main] INFO  c.a.n.c.r.client - [printIfInfoEnabled,63] - [10db0558-3e2b-49a6-8f41-caee6d99d385_config-0] Register server push request handler:com.alibaba.nacos.client.config.impl.ClientWorker$ConfigRpcTransportClient$$Lambda/0x000001f722405d78
21:58:05.376 [main] INFO  c.a.n.c.r.client - [printIfInfoEnabled,63] - [10db0558-3e2b-49a6-8f41-caee6d99d385_config-0] Registry connection listener to current client:com.alibaba.nacos.client.config.impl.ClientWorker$ConfigRpcTransportClient$1
21:58:05.376 [main] INFO  c.a.n.c.r.client - [printIfInfoEnabled,63] - [10db0558-3e2b-49a6-8f41-caee6d99d385_config-0] RpcClient init, ServerListFactory = com.alibaba.nacos.client.config.impl.ClientWorker$ConfigRpcTransportClient$2
21:58:05.380 [main] INFO  c.a.n.c.r.client - [printIfInfoEnabled,63] - [10db0558-3e2b-49a6-8f41-caee6d99d385_config-0] Try to connect to server on start up, server: {serverIp = '123.207.35.9', server main port = 8848}
21:58:05.393 [main] INFO  c.a.n.c.r.c.g.GrpcClient - [createNewManagedChannel,210] - grpc client connection server:123.207.35.9 ip,serverPort:9848,grpcTslConfig:{"sslProvider":"","enableTls":false,"mutualAuthEnable":false,"trustAll":false}
21:58:05.735 [main] INFO  c.a.n.c.a.AbstractAbilityControlManager - [initAbilityTable,61] - Ready to get current node abilities...
21:58:05.736 [main] INFO  c.a.n.c.a.AbstractAbilityControlManager - [initAbilityTable,89] - Ready to initialize current node abilities, support modes: [SDK_CLIENT]
21:58:05.736 [main] INFO  c.a.n.c.a.AbstractAbilityControlManager - [initAbilityTable,94] - Initialize current abilities finish...
21:58:05.737 [main] INFO  c.a.n.c.a.d.NacosAbilityManagerHolder - [initAbilityControlManager,85] - [AbilityControlManager] Successfully initialize AbilityControlManager
21:58:05.840 [main] INFO  c.a.n.c.r.client - [printIfInfoEnabled,63] - [10db0558-3e2b-49a6-8f41-caee6d99d385_config-0] Success to connect to server [123.207.35.9:8848] on start up, connectionId = 1715090285045_14.153.18.176_57900
21:58:05.841 [com.alibaba.nacos.client.remote.worker.0] INFO  c.a.n.c.r.client - [printIfInfoEnabled,63] - [10db0558-3e2b-49a6-8f41-caee6d99d385_config-0] Notify connected event to listeners.
21:58:05.842 [com.alibaba.nacos.client.remote.worker.0] INFO  c.a.n.c.c.i.ClientWorker - [onConnected,713] - [10db0558-3e2b-49a6-8f41-caee6d99d385_config-0] Connected,notify listen context...
21:58:05.842 [main] INFO  c.a.n.c.r.client - [printIfInfoEnabled,63] - [10db0558-3e2b-49a6-8f41-caee6d99d385_config-0] Register server push request handler:com.alibaba.nacos.common.remote.client.RpcClient$ConnectResetRequestHandler
21:58:05.843 [main] INFO  c.a.n.c.r.client - [printIfInfoEnabled,63] - [10db0558-3e2b-49a6-8f41-caee6d99d385_config-0] Register server push request handler:com.alibaba.nacos.common.remote.client.RpcClient$$Lambda/0x000001f72253f5b8
21:58:05.886 [main] INFO  c.a.n.c.c.u.JvmUtil - [init,59] - isMultiInstance:false
21:58:05.943 [main] INFO  c.v.s.VkSystemApplication - [logStartupProfileInfo,660] - The following 1 profile is active: "dev"
21:58:07.357 [main] INFO  o.a.c.h.Http11NioProtocol - [log,173] - Initializing ProtocolHandler ["http-nio-19002"]
21:58:07.358 [main] INFO  o.a.c.c.StandardService - [log,173] - Starting service [Tomcat]
21:58:07.359 [main] INFO  o.a.c.c.StandardEngine - [log,173] - Starting Servlet engine: [Apache Tomcat/10.1.20]
21:58:07.410 [main] INFO  o.a.c.c.C.[.[.[/] - [log,173] - Initializing Spring embedded WebApplicationContext
21:58:07.679 [main] INFO  o.a.c.c.StandardService - [log,173] - Stopping service [Tomcat]
22:07:43.328 [background-preinit] INFO  o.h.v.i.util.Version - [<clinit>,21] - HV000001: Hibernate Validator 8.0.1.Final
22:07:43.495 [main] INFO  c.a.n.c.u.ParamUtil - [<clinit>,89] - [settings] [req-serv] nacos-server port:8848
22:07:43.495 [main] INFO  c.a.n.c.u.ParamUtil - [<clinit>,92] - [settings] [http-client] connect timeout:1000
22:07:43.496 [main] INFO  c.a.n.c.u.ParamUtil - [<clinit>,97] - PER_TASK_CONFIG_SIZE: 3000.0
22:07:43.509 [main] INFO  c.a.n.common.labels - [getLabels,48] - DefaultLabelsCollectorManager get labels.....
22:07:43.509 [main] INFO  c.a.n.common.labels - [getLabels,62] - Process LabelsCollector with [name:defaultNacosLabelsCollector]
22:07:43.509 [main] INFO  c.a.n.common.labels - [collectLabels,62] - default nacos collect properties raw labels: null
22:07:43.510 [main] INFO  c.a.n.common.labels - [collectLabels,69] - default nacos collect properties labels: {}
22:07:43.510 [main] INFO  c.a.n.common.labels - [collectLabels,72] - default nacos collect jvm raw labels: null
22:07:43.510 [main] INFO  c.a.n.common.labels - [collectLabels,78] - default nacos collect jvm labels: {}
22:07:43.510 [main] INFO  c.a.n.common.labels - [collectLabels,81] - default nacos collect env raw labels: null
22:07:43.510 [main] INFO  c.a.n.common.labels - [collectLabels,89] - default nacos collect env labels: {}
22:07:43.511 [main] INFO  c.a.n.common.labels - [getLabels,50] - DefaultLabelsCollectorManager get labels finished,labels :{}
22:07:43.515 [main] INFO  c.a.n.p.a.s.c.ClientAuthPluginManager - [init,56] - [ClientAuthPluginManager] Load ClientAuthService com.alibaba.nacos.client.auth.impl.NacosClientAuthServiceImpl success.
22:07:43.515 [main] INFO  c.a.n.p.a.s.c.ClientAuthPluginManager - [init,56] - [ClientAuthPluginManager] Load ClientAuthService com.alibaba.nacos.client.auth.ram.RamClientAuthServiceImpl success.
22:07:43.557 [Thread-1] INFO  c.a.n.c.a.r.i.CredentialWatcher - [loadCredentialFromEnv,189] - null No credential found
22:07:43.577 [main] INFO  c.a.n.c.c.i.Limiter - [<clinit>,55] - limitTime:5.0
22:07:43.797 [main] INFO  c.a.n.c.c.i.LocalConfigInfoProcessor - [<clinit>,65] - LOCAL_SNAPSHOT_PATH:C:\Users\Null\nacos\config
22:07:43.800 [main] INFO  c.a.n.c.r.client - [lambda$createClient$0,118] - [RpcClientFactory] create a new rpc client of 76672dcc-45d7-4cb4-bbce-cda0b9806c3f_config-0
22:07:43.811 [main] INFO  c.a.n.c.r.client - [printIfInfoEnabled,63] - [76672dcc-45d7-4cb4-bbce-cda0b9806c3f_config-0] Register server push request handler:com.alibaba.nacos.client.config.impl.ClientWorker$ConfigRpcTransportClient$$Lambda/0x000001354e402868
22:07:43.811 [main] INFO  c.a.n.c.r.client - [printIfInfoEnabled,63] - [76672dcc-45d7-4cb4-bbce-cda0b9806c3f_config-0] Register server push request handler:com.alibaba.nacos.client.config.impl.ClientWorker$ConfigRpcTransportClient$$Lambda/0x000001354e402c88
22:07:43.811 [main] INFO  c.a.n.c.r.client - [printIfInfoEnabled,63] - [76672dcc-45d7-4cb4-bbce-cda0b9806c3f_config-0] Registry connection listener to current client:com.alibaba.nacos.client.config.impl.ClientWorker$ConfigRpcTransportClient$1
22:07:43.812 [main] INFO  c.a.n.c.r.client - [printIfInfoEnabled,63] - [76672dcc-45d7-4cb4-bbce-cda0b9806c3f_config-0] RpcClient init, ServerListFactory = com.alibaba.nacos.client.config.impl.ClientWorker$ConfigRpcTransportClient$2
22:07:43.815 [main] INFO  c.a.n.c.r.client - [printIfInfoEnabled,63] - [76672dcc-45d7-4cb4-bbce-cda0b9806c3f_config-0] Try to connect to server on start up, server: {serverIp = '123.207.35.9', server main port = 8848}
22:07:43.828 [main] INFO  c.a.n.c.r.c.g.GrpcClient - [createNewManagedChannel,210] - grpc client connection server:123.207.35.9 ip,serverPort:9848,grpcTslConfig:{"sslProvider":"","enableTls":false,"mutualAuthEnable":false,"trustAll":false}
22:07:44.163 [main] INFO  c.a.n.c.a.AbstractAbilityControlManager - [initAbilityTable,61] - Ready to get current node abilities...
22:07:44.164 [main] INFO  c.a.n.c.a.AbstractAbilityControlManager - [initAbilityTable,89] - Ready to initialize current node abilities, support modes: [SDK_CLIENT]
22:07:44.165 [main] INFO  c.a.n.c.a.AbstractAbilityControlManager - [initAbilityTable,94] - Initialize current abilities finish...
22:07:44.165 [main] INFO  c.a.n.c.a.d.NacosAbilityManagerHolder - [initAbilityControlManager,85] - [AbilityControlManager] Successfully initialize AbilityControlManager
22:07:44.281 [main] INFO  c.a.n.c.r.client - [printIfInfoEnabled,63] - [76672dcc-45d7-4cb4-bbce-cda0b9806c3f_config-0] Success to connect to server [123.207.35.9:8848] on start up, connectionId = 1715090863480_14.153.18.176_57637
22:07:44.284 [com.alibaba.nacos.client.remote.worker.0] INFO  c.a.n.c.r.client - [printIfInfoEnabled,63] - [76672dcc-45d7-4cb4-bbce-cda0b9806c3f_config-0] Notify connected event to listeners.
22:07:44.285 [com.alibaba.nacos.client.remote.worker.0] INFO  c.a.n.c.c.i.ClientWorker - [onConnected,713] - [76672dcc-45d7-4cb4-bbce-cda0b9806c3f_config-0] Connected,notify listen context...
22:07:44.285 [main] INFO  c.a.n.c.r.client - [printIfInfoEnabled,63] - [76672dcc-45d7-4cb4-bbce-cda0b9806c3f_config-0] Register server push request handler:com.alibaba.nacos.common.remote.client.RpcClient$ConnectResetRequestHandler
22:07:44.287 [main] INFO  c.a.n.c.r.client - [printIfInfoEnabled,63] - [76672dcc-45d7-4cb4-bbce-cda0b9806c3f_config-0] Register server push request handler:com.alibaba.nacos.common.remote.client.RpcClient$$Lambda/0x000001354e539478
22:07:44.335 [main] INFO  c.a.n.c.c.u.JvmUtil - [init,59] - isMultiInstance:false
22:07:44.398 [main] INFO  c.v.s.VkSystemApplication - [logStartupProfileInfo,660] - The following 1 profile is active: "dev"
22:07:45.797 [main] INFO  o.a.c.h.Http11NioProtocol - [log,173] - Initializing ProtocolHandler ["http-nio-19002"]
22:07:45.799 [main] INFO  o.a.c.c.StandardService - [log,173] - Starting service [Tomcat]
22:07:45.799 [main] INFO  o.a.c.c.StandardEngine - [log,173] - Starting Servlet engine: [Apache Tomcat/10.1.20]
22:07:45.860 [main] INFO  o.a.c.c.C.[.[.[/] - [log,173] - Initializing Spring embedded WebApplicationContext
22:07:46.191 [main] INFO  c.a.d.p.DruidDataSource - [close,2207] - {dataSource-0} closing ...
22:07:46.192 [main] INFO  o.a.c.c.StandardService - [log,173] - Stopping service [Tomcat]
22:08:05.664 [background-preinit] INFO  o.h.v.i.util.Version - [<clinit>,21] - HV000001: Hibernate Validator 8.0.1.Final
22:08:05.839 [main] INFO  c.a.n.c.u.ParamUtil - [<clinit>,89] - [settings] [req-serv] nacos-server port:8848
22:08:05.839 [main] INFO  c.a.n.c.u.ParamUtil - [<clinit>,92] - [settings] [http-client] connect timeout:1000
22:08:05.840 [main] INFO  c.a.n.c.u.ParamUtil - [<clinit>,97] - PER_TASK_CONFIG_SIZE: 3000.0
22:08:05.854 [main] INFO  c.a.n.common.labels - [getLabels,48] - DefaultLabelsCollectorManager get labels.....
22:08:05.855 [main] INFO  c.a.n.common.labels - [getLabels,62] - Process LabelsCollector with [name:defaultNacosLabelsCollector]
22:08:05.855 [main] INFO  c.a.n.common.labels - [collectLabels,62] - default nacos collect properties raw labels: null
22:08:05.855 [main] INFO  c.a.n.common.labels - [collectLabels,69] - default nacos collect properties labels: {}
22:08:05.856 [main] INFO  c.a.n.common.labels - [collectLabels,72] - default nacos collect jvm raw labels: null
22:08:05.856 [main] INFO  c.a.n.common.labels - [collectLabels,78] - default nacos collect jvm labels: {}
22:08:05.856 [main] INFO  c.a.n.common.labels - [collectLabels,81] - default nacos collect env raw labels: null
22:08:05.856 [main] INFO  c.a.n.common.labels - [collectLabels,89] - default nacos collect env labels: {}
22:08:05.856 [main] INFO  c.a.n.common.labels - [getLabels,50] - DefaultLabelsCollectorManager get labels finished,labels :{}
22:08:05.860 [main] INFO  c.a.n.p.a.s.c.ClientAuthPluginManager - [init,56] - [ClientAuthPluginManager] Load ClientAuthService com.alibaba.nacos.client.auth.impl.NacosClientAuthServiceImpl success.
22:08:05.861 [main] INFO  c.a.n.p.a.s.c.ClientAuthPluginManager - [init,56] - [ClientAuthPluginManager] Load ClientAuthService com.alibaba.nacos.client.auth.ram.RamClientAuthServiceImpl success.
22:08:05.902 [Thread-1] INFO  c.a.n.c.a.r.i.CredentialWatcher - [loadCredentialFromEnv,189] - null No credential found
22:08:05.923 [main] INFO  c.a.n.c.c.i.Limiter - [<clinit>,55] - limitTime:5.0
22:08:06.142 [main] INFO  c.a.n.c.c.i.LocalConfigInfoProcessor - [<clinit>,65] - LOCAL_SNAPSHOT_PATH:C:\Users\Null\nacos\config
22:08:06.144 [main] INFO  c.a.n.c.r.client - [lambda$createClient$0,118] - [RpcClientFactory] create a new rpc client of 51b7cdc9-cde6-4a0a-94db-b36e6b2e392a_config-0
22:08:06.156 [main] INFO  c.a.n.c.r.client - [printIfInfoEnabled,63] - [51b7cdc9-cde6-4a0a-94db-b36e6b2e392a_config-0] Register server push request handler:com.alibaba.nacos.client.config.impl.ClientWorker$ConfigRpcTransportClient$$Lambda/0x0000029901404f20
22:08:06.156 [main] INFO  c.a.n.c.r.client - [printIfInfoEnabled,63] - [51b7cdc9-cde6-4a0a-94db-b36e6b2e392a_config-0] Register server push request handler:com.alibaba.nacos.client.config.impl.ClientWorker$ConfigRpcTransportClient$$Lambda/0x0000029901405340
22:08:06.156 [main] INFO  c.a.n.c.r.client - [printIfInfoEnabled,63] - [51b7cdc9-cde6-4a0a-94db-b36e6b2e392a_config-0] Registry connection listener to current client:com.alibaba.nacos.client.config.impl.ClientWorker$ConfigRpcTransportClient$1
22:08:06.156 [main] INFO  c.a.n.c.r.client - [printIfInfoEnabled,63] - [51b7cdc9-cde6-4a0a-94db-b36e6b2e392a_config-0] RpcClient init, ServerListFactory = com.alibaba.nacos.client.config.impl.ClientWorker$ConfigRpcTransportClient$2
22:08:06.160 [main] INFO  c.a.n.c.r.client - [printIfInfoEnabled,63] - [51b7cdc9-cde6-4a0a-94db-b36e6b2e392a_config-0] Try to connect to server on start up, server: {serverIp = '123.207.35.9', server main port = 8848}
22:08:06.174 [main] INFO  c.a.n.c.r.c.g.GrpcClient - [createNewManagedChannel,210] - grpc client connection server:123.207.35.9 ip,serverPort:9848,grpcTslConfig:{"sslProvider":"","enableTls":false,"mutualAuthEnable":false,"trustAll":false}
22:08:06.525 [main] INFO  c.a.n.c.a.AbstractAbilityControlManager - [initAbilityTable,61] - Ready to get current node abilities...
22:08:06.526 [main] INFO  c.a.n.c.a.AbstractAbilityControlManager - [initAbilityTable,89] - Ready to initialize current node abilities, support modes: [SDK_CLIENT]
22:08:06.527 [main] INFO  c.a.n.c.a.AbstractAbilityControlManager - [initAbilityTable,94] - Initialize current abilities finish...
22:08:06.527 [main] INFO  c.a.n.c.a.d.NacosAbilityManagerHolder - [initAbilityControlManager,85] - [AbilityControlManager] Successfully initialize AbilityControlManager
22:08:06.639 [main] INFO  c.a.n.c.r.client - [printIfInfoEnabled,63] - [51b7cdc9-cde6-4a0a-94db-b36e6b2e392a_config-0] Success to connect to server [123.207.35.9:8848] on start up, connectionId = 1715090885838_14.153.18.176_57741
22:08:06.639 [com.alibaba.nacos.client.remote.worker.0] INFO  c.a.n.c.r.client - [printIfInfoEnabled,63] - [51b7cdc9-cde6-4a0a-94db-b36e6b2e392a_config-0] Notify connected event to listeners.
22:08:06.639 [com.alibaba.nacos.client.remote.worker.0] INFO  c.a.n.c.c.i.ClientWorker - [onConnected,713] - [51b7cdc9-cde6-4a0a-94db-b36e6b2e392a_config-0] Connected,notify listen context...
22:08:06.639 [main] INFO  c.a.n.c.r.client - [printIfInfoEnabled,63] - [51b7cdc9-cde6-4a0a-94db-b36e6b2e392a_config-0] Register server push request handler:com.alibaba.nacos.common.remote.client.RpcClient$ConnectResetRequestHandler
22:08:06.640 [main] INFO  c.a.n.c.r.client - [printIfInfoEnabled,63] - [51b7cdc9-cde6-4a0a-94db-b36e6b2e392a_config-0] Register server push request handler:com.alibaba.nacos.common.remote.client.RpcClient$$Lambda/0x000002990153aa00
22:08:06.687 [main] INFO  c.a.n.c.c.u.JvmUtil - [init,59] - isMultiInstance:false
22:08:06.744 [main] INFO  c.v.s.VkSystemApplication - [logStartupProfileInfo,660] - The following 1 profile is active: "dev"
22:08:08.159 [main] INFO  o.a.c.h.Http11NioProtocol - [log,173] - Initializing ProtocolHandler ["http-nio-19002"]
22:08:08.160 [main] INFO  o.a.c.c.StandardService - [log,173] - Starting service [Tomcat]
22:08:08.161 [main] INFO  o.a.c.c.StandardEngine - [log,173] - Starting Servlet engine: [Apache Tomcat/10.1.20]
22:08:08.212 [main] INFO  o.a.c.c.C.[.[.[/] - [log,173] - Initializing Spring embedded WebApplicationContext
22:09:54.879 [background-preinit] INFO  o.h.v.i.util.Version - [<clinit>,21] - HV000001: Hibernate Validator 8.0.1.Final
22:09:55.045 [main] INFO  c.a.n.c.u.ParamUtil - [<clinit>,89] - [settings] [req-serv] nacos-server port:8848
22:09:55.046 [main] INFO  c.a.n.c.u.ParamUtil - [<clinit>,92] - [settings] [http-client] connect timeout:1000
22:09:55.046 [main] INFO  c.a.n.c.u.ParamUtil - [<clinit>,97] - PER_TASK_CONFIG_SIZE: 3000.0
22:09:55.060 [main] INFO  c.a.n.common.labels - [getLabels,48] - DefaultLabelsCollectorManager get labels.....
22:09:55.060 [main] INFO  c.a.n.common.labels - [getLabels,62] - Process LabelsCollector with [name:defaultNacosLabelsCollector]
22:09:55.060 [main] INFO  c.a.n.common.labels - [collectLabels,62] - default nacos collect properties raw labels: null
22:09:55.060 [main] INFO  c.a.n.common.labels - [collectLabels,69] - default nacos collect properties labels: {}
22:09:55.060 [main] INFO  c.a.n.common.labels - [collectLabels,72] - default nacos collect jvm raw labels: null
22:09:55.061 [main] INFO  c.a.n.common.labels - [collectLabels,78] - default nacos collect jvm labels: {}
22:09:55.061 [main] INFO  c.a.n.common.labels - [collectLabels,81] - default nacos collect env raw labels: null
22:09:55.061 [main] INFO  c.a.n.common.labels - [collectLabels,89] - default nacos collect env labels: {}
22:09:55.061 [main] INFO  c.a.n.common.labels - [getLabels,50] - DefaultLabelsCollectorManager get labels finished,labels :{}
22:09:55.065 [main] INFO  c.a.n.p.a.s.c.ClientAuthPluginManager - [init,56] - [ClientAuthPluginManager] Load ClientAuthService com.alibaba.nacos.client.auth.impl.NacosClientAuthServiceImpl success.
22:09:55.066 [main] INFO  c.a.n.p.a.s.c.ClientAuthPluginManager - [init,56] - [ClientAuthPluginManager] Load ClientAuthService com.alibaba.nacos.client.auth.ram.RamClientAuthServiceImpl success.
22:09:55.068 [main] INFO  c.a.n.c.a.r.i.CredentialWatcher - [loadCredentialFromEnv,189] - null No credential found
22:09:55.130 [main] INFO  c.a.n.c.c.i.Limiter - [<clinit>,55] - limitTime:5.0
22:09:55.350 [main] INFO  c.a.n.c.c.i.LocalConfigInfoProcessor - [<clinit>,65] - LOCAL_SNAPSHOT_PATH:C:\Users\Null\nacos\config
22:09:55.353 [main] INFO  c.a.n.c.r.client - [lambda$createClient$0,118] - [RpcClientFactory] create a new rpc client of 68b5b769-eeb1-4ae3-9dab-e4b96c442a5f_config-0
22:09:55.364 [main] INFO  c.a.n.c.r.client - [printIfInfoEnabled,63] - [68b5b769-eeb1-4ae3-9dab-e4b96c442a5f_config-0] Register server push request handler:com.alibaba.nacos.client.config.impl.ClientWorker$ConfigRpcTransportClient$$Lambda/0x000001e0dc41fc00
22:09:55.365 [main] INFO  c.a.n.c.r.client - [printIfInfoEnabled,63] - [68b5b769-eeb1-4ae3-9dab-e4b96c442a5f_config-0] Register server push request handler:com.alibaba.nacos.client.config.impl.ClientWorker$ConfigRpcTransportClient$$Lambda/0x000001e0dc420200
22:09:55.365 [main] INFO  c.a.n.c.r.client - [printIfInfoEnabled,63] - [68b5b769-eeb1-4ae3-9dab-e4b96c442a5f_config-0] Registry connection listener to current client:com.alibaba.nacos.client.config.impl.ClientWorker$ConfigRpcTransportClient$1
22:09:55.365 [main] INFO  c.a.n.c.r.client - [printIfInfoEnabled,63] - [68b5b769-eeb1-4ae3-9dab-e4b96c442a5f_config-0] RpcClient init, ServerListFactory = com.alibaba.nacos.client.config.impl.ClientWorker$ConfigRpcTransportClient$2
22:09:55.369 [main] INFO  c.a.n.c.r.client - [printIfInfoEnabled,63] - [68b5b769-eeb1-4ae3-9dab-e4b96c442a5f_config-0] Try to connect to server on start up, server: {serverIp = '123.207.35.9', server main port = 8848}
22:09:55.382 [main] INFO  c.a.n.c.r.c.g.GrpcClient - [createNewManagedChannel,210] - grpc client connection server:123.207.35.9 ip,serverPort:9848,grpcTslConfig:{"sslProvider":"","enableTls":false,"mutualAuthEnable":false,"trustAll":false}
22:09:55.713 [main] INFO  c.a.n.c.a.AbstractAbilityControlManager - [initAbilityTable,61] - Ready to get current node abilities...
22:09:55.714 [main] INFO  c.a.n.c.a.AbstractAbilityControlManager - [initAbilityTable,89] - Ready to initialize current node abilities, support modes: [SDK_CLIENT]
22:09:55.715 [main] INFO  c.a.n.c.a.AbstractAbilityControlManager - [initAbilityTable,94] - Initialize current abilities finish...
22:09:55.715 [main] INFO  c.a.n.c.a.d.NacosAbilityManagerHolder - [initAbilityControlManager,85] - [AbilityControlManager] Successfully initialize AbilityControlManager
22:09:55.821 [main] INFO  c.a.n.c.r.client - [printIfInfoEnabled,63] - [68b5b769-eeb1-4ae3-9dab-e4b96c442a5f_config-0] Success to connect to server [123.207.35.9:8848] on start up, connectionId = 1715090995032_14.153.18.176_58121
22:09:55.821 [com.alibaba.nacos.client.remote.worker.0] INFO  c.a.n.c.r.client - [printIfInfoEnabled,63] - [68b5b769-eeb1-4ae3-9dab-e4b96c442a5f_config-0] Notify connected event to listeners.
22:09:55.821 [com.alibaba.nacos.client.remote.worker.0] INFO  c.a.n.c.c.i.ClientWorker - [onConnected,713] - [68b5b769-eeb1-4ae3-9dab-e4b96c442a5f_config-0] Connected,notify listen context...
22:09:55.821 [main] INFO  c.a.n.c.r.client - [printIfInfoEnabled,63] - [68b5b769-eeb1-4ae3-9dab-e4b96c442a5f_config-0] Register server push request handler:com.alibaba.nacos.common.remote.client.RpcClient$ConnectResetRequestHandler
22:09:55.822 [main] INFO  c.a.n.c.r.client - [printIfInfoEnabled,63] - [68b5b769-eeb1-4ae3-9dab-e4b96c442a5f_config-0] Register server push request handler:com.alibaba.nacos.common.remote.client.RpcClient$$Lambda/0x000001e0dc556308
22:09:55.862 [main] INFO  c.a.n.c.c.u.JvmUtil - [init,59] - isMultiInstance:false
22:09:55.915 [main] INFO  c.v.s.VkSystemApplication - [logStartupProfileInfo,660] - The following 1 profile is active: "dev"
22:09:57.300 [main] INFO  o.a.c.h.Http11NioProtocol - [log,173] - Initializing ProtocolHandler ["http-nio-19002"]
22:09:57.301 [main] INFO  o.a.c.c.StandardService - [log,173] - Starting service [Tomcat]
22:09:57.301 [main] INFO  o.a.c.c.StandardEngine - [log,173] - Starting Servlet engine: [Apache Tomcat/10.1.20]
22:09:57.346 [main] INFO  o.a.c.c.C.[.[.[/] - [log,173] - Initializing Spring embedded WebApplicationContext
22:12:45.315 [background-preinit] INFO  o.h.v.i.util.Version - [<clinit>,21] - HV000001: Hibernate Validator 8.0.1.Final
22:12:45.483 [main] INFO  c.a.n.c.u.ParamUtil - [<clinit>,89] - [settings] [req-serv] nacos-server port:8848
22:12:45.484 [main] INFO  c.a.n.c.u.ParamUtil - [<clinit>,92] - [settings] [http-client] connect timeout:1000
22:12:45.484 [main] INFO  c.a.n.c.u.ParamUtil - [<clinit>,97] - PER_TASK_CONFIG_SIZE: 3000.0
22:12:45.497 [main] INFO  c.a.n.common.labels - [getLabels,48] - DefaultLabelsCollectorManager get labels.....
22:12:45.498 [main] INFO  c.a.n.common.labels - [getLabels,62] - Process LabelsCollector with [name:defaultNacosLabelsCollector]
22:12:45.498 [main] INFO  c.a.n.common.labels - [collectLabels,62] - default nacos collect properties raw labels: null
22:12:45.498 [main] INFO  c.a.n.common.labels - [collectLabels,69] - default nacos collect properties labels: {}
22:12:45.498 [main] INFO  c.a.n.common.labels - [collectLabels,72] - default nacos collect jvm raw labels: null
22:12:45.498 [main] INFO  c.a.n.common.labels - [collectLabels,78] - default nacos collect jvm labels: {}
22:12:45.499 [main] INFO  c.a.n.common.labels - [collectLabels,81] - default nacos collect env raw labels: null
22:12:45.499 [main] INFO  c.a.n.common.labels - [collectLabels,89] - default nacos collect env labels: {}
22:12:45.499 [main] INFO  c.a.n.common.labels - [getLabels,50] - DefaultLabelsCollectorManager get labels finished,labels :{}
22:12:45.503 [main] INFO  c.a.n.p.a.s.c.ClientAuthPluginManager - [init,56] - [ClientAuthPluginManager] Load ClientAuthService com.alibaba.nacos.client.auth.impl.NacosClientAuthServiceImpl success.
22:12:45.503 [main] INFO  c.a.n.p.a.s.c.ClientAuthPluginManager - [init,56] - [ClientAuthPluginManager] Load ClientAuthService com.alibaba.nacos.client.auth.ram.RamClientAuthServiceImpl success.
22:12:45.545 [Thread-1] INFO  c.a.n.c.a.r.i.CredentialWatcher - [loadCredentialFromEnv,189] - null No credential found
22:12:45.564 [main] INFO  c.a.n.c.c.i.Limiter - [<clinit>,55] - limitTime:5.0
22:12:45.785 [main] INFO  c.a.n.c.c.i.LocalConfigInfoProcessor - [<clinit>,65] - LOCAL_SNAPSHOT_PATH:C:\Users\Null\nacos\config
22:12:45.788 [main] INFO  c.a.n.c.r.client - [lambda$createClient$0,118] - [RpcClientFactory] create a new rpc client of e78e8eac-059e-4ea1-b123-89c0d10882e0_config-0
22:12:45.799 [main] INFO  c.a.n.c.r.client - [printIfInfoEnabled,63] - [e78e8eac-059e-4ea1-b123-89c0d10882e0_config-0] Register server push request handler:com.alibaba.nacos.client.config.impl.ClientWorker$ConfigRpcTransportClient$$Lambda/0x0000023f96401c18
22:12:45.799 [main] INFO  c.a.n.c.r.client - [printIfInfoEnabled,63] - [e78e8eac-059e-4ea1-b123-89c0d10882e0_config-0] Register server push request handler:com.alibaba.nacos.client.config.impl.ClientWorker$ConfigRpcTransportClient$$Lambda/0x0000023f96402038
22:12:45.800 [main] INFO  c.a.n.c.r.client - [printIfInfoEnabled,63] - [e78e8eac-059e-4ea1-b123-89c0d10882e0_config-0] Registry connection listener to current client:com.alibaba.nacos.client.config.impl.ClientWorker$ConfigRpcTransportClient$1
22:12:45.800 [main] INFO  c.a.n.c.r.client - [printIfInfoEnabled,63] - [e78e8eac-059e-4ea1-b123-89c0d10882e0_config-0] RpcClient init, ServerListFactory = com.alibaba.nacos.client.config.impl.ClientWorker$ConfigRpcTransportClient$2
22:12:45.804 [main] INFO  c.a.n.c.r.client - [printIfInfoEnabled,63] - [e78e8eac-059e-4ea1-b123-89c0d10882e0_config-0] Try to connect to server on start up, server: {serverIp = '123.207.35.9', server main port = 8848}
22:12:45.817 [main] INFO  c.a.n.c.r.c.g.GrpcClient - [createNewManagedChannel,210] - grpc client connection server:123.207.35.9 ip,serverPort:9848,grpcTslConfig:{"sslProvider":"","enableTls":false,"mutualAuthEnable":false,"trustAll":false}
22:12:46.157 [main] INFO  c.a.n.c.a.AbstractAbilityControlManager - [initAbilityTable,61] - Ready to get current node abilities...
22:12:46.158 [main] INFO  c.a.n.c.a.AbstractAbilityControlManager - [initAbilityTable,89] - Ready to initialize current node abilities, support modes: [SDK_CLIENT]
22:12:46.158 [main] INFO  c.a.n.c.a.AbstractAbilityControlManager - [initAbilityTable,94] - Initialize current abilities finish...
22:12:46.158 [main] INFO  c.a.n.c.a.d.NacosAbilityManagerHolder - [initAbilityControlManager,85] - [AbilityControlManager] Successfully initialize AbilityControlManager
22:12:46.269 [main] INFO  c.a.n.c.r.client - [printIfInfoEnabled,63] - [e78e8eac-059e-4ea1-b123-89c0d10882e0_config-0] Success to connect to server [123.207.35.9:8848] on start up, connectionId = 1715091165477_14.153.18.176_54797
22:12:46.271 [com.alibaba.nacos.client.remote.worker.0] INFO  c.a.n.c.r.client - [printIfInfoEnabled,63] - [e78e8eac-059e-4ea1-b123-89c0d10882e0_config-0] Notify connected event to listeners.
22:12:46.272 [main] INFO  c.a.n.c.r.client - [printIfInfoEnabled,63] - [e78e8eac-059e-4ea1-b123-89c0d10882e0_config-0] Register server push request handler:com.alibaba.nacos.common.remote.client.RpcClient$ConnectResetRequestHandler
22:12:46.273 [com.alibaba.nacos.client.remote.worker.0] INFO  c.a.n.c.c.i.ClientWorker - [onConnected,713] - [e78e8eac-059e-4ea1-b123-89c0d10882e0_config-0] Connected,notify listen context...
22:12:46.275 [main] INFO  c.a.n.c.r.client - [printIfInfoEnabled,63] - [e78e8eac-059e-4ea1-b123-89c0d10882e0_config-0] Register server push request handler:com.alibaba.nacos.common.remote.client.RpcClient$$Lambda/0x0000023f9653c668
22:12:46.326 [main] INFO  c.a.n.c.c.u.JvmUtil - [init,59] - isMultiInstance:false
22:12:46.381 [main] INFO  c.v.s.VkSystemApplication - [logStartupProfileInfo,660] - The following 1 profile is active: "dev"
22:12:47.769 [main] INFO  o.a.c.h.Http11NioProtocol - [log,173] - Initializing ProtocolHandler ["http-nio-19002"]
22:12:47.770 [main] INFO  o.a.c.c.StandardService - [log,173] - Starting service [Tomcat]
22:12:47.771 [main] INFO  o.a.c.c.StandardEngine - [log,173] - Starting Servlet engine: [Apache Tomcat/10.1.20]
22:12:47.822 [main] INFO  o.a.c.c.C.[.[.[/] - [log,173] - Initializing Spring embedded WebApplicationContext
22:14:29.280 [background-preinit] INFO  o.h.v.i.util.Version - [<clinit>,21] - HV000001: Hibernate Validator 8.0.1.Final
22:14:29.446 [main] INFO  c.a.n.c.u.ParamUtil - [<clinit>,89] - [settings] [req-serv] nacos-server port:8848
22:14:29.446 [main] INFO  c.a.n.c.u.ParamUtil - [<clinit>,92] - [settings] [http-client] connect timeout:1000
22:14:29.447 [main] INFO  c.a.n.c.u.ParamUtil - [<clinit>,97] - PER_TASK_CONFIG_SIZE: 3000.0
22:14:29.460 [main] INFO  c.a.n.common.labels - [getLabels,48] - DefaultLabelsCollectorManager get labels.....
22:14:29.460 [main] INFO  c.a.n.common.labels - [getLabels,62] - Process LabelsCollector with [name:defaultNacosLabelsCollector]
22:14:29.460 [main] INFO  c.a.n.common.labels - [collectLabels,62] - default nacos collect properties raw labels: null
22:14:29.461 [main] INFO  c.a.n.common.labels - [collectLabels,69] - default nacos collect properties labels: {}
22:14:29.461 [main] INFO  c.a.n.common.labels - [collectLabels,72] - default nacos collect jvm raw labels: null
22:14:29.461 [main] INFO  c.a.n.common.labels - [collectLabels,78] - default nacos collect jvm labels: {}
22:14:29.461 [main] INFO  c.a.n.common.labels - [collectLabels,81] - default nacos collect env raw labels: null
22:14:29.461 [main] INFO  c.a.n.common.labels - [collectLabels,89] - default nacos collect env labels: {}
22:14:29.462 [main] INFO  c.a.n.common.labels - [getLabels,50] - DefaultLabelsCollectorManager get labels finished,labels :{}
22:14:29.466 [main] INFO  c.a.n.p.a.s.c.ClientAuthPluginManager - [init,56] - [ClientAuthPluginManager] Load ClientAuthService com.alibaba.nacos.client.auth.impl.NacosClientAuthServiceImpl success.
22:14:29.466 [main] INFO  c.a.n.p.a.s.c.ClientAuthPluginManager - [init,56] - [ClientAuthPluginManager] Load ClientAuthService com.alibaba.nacos.client.auth.ram.RamClientAuthServiceImpl success.
22:14:29.468 [main] INFO  c.a.n.c.a.r.i.CredentialWatcher - [loadCredentialFromEnv,189] - null No credential found
22:14:29.530 [main] INFO  c.a.n.c.c.i.Limiter - [<clinit>,55] - limitTime:5.0
22:14:29.765 [main] INFO  c.a.n.c.c.i.LocalConfigInfoProcessor - [<clinit>,65] - LOCAL_SNAPSHOT_PATH:C:\Users\Null\nacos\config
22:14:29.767 [main] INFO  c.a.n.c.r.client - [lambda$createClient$0,118] - [RpcClientFactory] create a new rpc client of c5343914-0b4b-4755-a383-7bfdc9add418_config-0
22:14:29.779 [main] INFO  c.a.n.c.r.client - [printIfInfoEnabled,63] - [c5343914-0b4b-4755-a383-7bfdc9add418_config-0] Register server push request handler:com.alibaba.nacos.client.config.impl.ClientWorker$ConfigRpcTransportClient$$Lambda/0x000001ecd4420458
22:14:29.779 [main] INFO  c.a.n.c.r.client - [printIfInfoEnabled,63] - [c5343914-0b4b-4755-a383-7bfdc9add418_config-0] Register server push request handler:com.alibaba.nacos.client.config.impl.ClientWorker$ConfigRpcTransportClient$$Lambda/0x000001ecd4420878
22:14:29.779 [main] INFO  c.a.n.c.r.client - [printIfInfoEnabled,63] - [c5343914-0b4b-4755-a383-7bfdc9add418_config-0] Registry connection listener to current client:com.alibaba.nacos.client.config.impl.ClientWorker$ConfigRpcTransportClient$1
22:14:29.779 [main] INFO  c.a.n.c.r.client - [printIfInfoEnabled,63] - [c5343914-0b4b-4755-a383-7bfdc9add418_config-0] RpcClient init, ServerListFactory = com.alibaba.nacos.client.config.impl.ClientWorker$ConfigRpcTransportClient$2
22:14:29.783 [main] INFO  c.a.n.c.r.client - [printIfInfoEnabled,63] - [c5343914-0b4b-4755-a383-7bfdc9add418_config-0] Try to connect to server on start up, server: {serverIp = '123.207.35.9', server main port = 8848}
22:14:29.796 [main] INFO  c.a.n.c.r.c.g.GrpcClient - [createNewManagedChannel,210] - grpc client connection server:123.207.35.9 ip,serverPort:9848,grpcTslConfig:{"sslProvider":"","enableTls":false,"mutualAuthEnable":false,"trustAll":false}
22:14:30.141 [main] INFO  c.a.n.c.a.AbstractAbilityControlManager - [initAbilityTable,61] - Ready to get current node abilities...
22:14:30.142 [main] INFO  c.a.n.c.a.AbstractAbilityControlManager - [initAbilityTable,89] - Ready to initialize current node abilities, support modes: [SDK_CLIENT]
22:14:30.142 [main] INFO  c.a.n.c.a.AbstractAbilityControlManager - [initAbilityTable,94] - Initialize current abilities finish...
22:14:30.143 [main] INFO  c.a.n.c.a.d.NacosAbilityManagerHolder - [initAbilityControlManager,85] - [AbilityControlManager] Successfully initialize AbilityControlManager
22:14:30.247 [main] INFO  c.a.n.c.r.client - [printIfInfoEnabled,63] - [c5343914-0b4b-4755-a383-7bfdc9add418_config-0] Success to connect to server [123.207.35.9:8848] on start up, connectionId = 1715091269457_14.153.18.176_55358
22:14:30.249 [com.alibaba.nacos.client.remote.worker.0] INFO  c.a.n.c.r.client - [printIfInfoEnabled,63] - [c5343914-0b4b-4755-a383-7bfdc9add418_config-0] Notify connected event to listeners.
22:14:30.250 [main] INFO  c.a.n.c.r.client - [printIfInfoEnabled,63] - [c5343914-0b4b-4755-a383-7bfdc9add418_config-0] Register server push request handler:com.alibaba.nacos.common.remote.client.RpcClient$ConnectResetRequestHandler
22:14:30.250 [com.alibaba.nacos.client.remote.worker.0] INFO  c.a.n.c.c.i.ClientWorker - [onConnected,713] - [c5343914-0b4b-4755-a383-7bfdc9add418_config-0] Connected,notify listen context...
22:14:30.252 [main] INFO  c.a.n.c.r.client - [printIfInfoEnabled,63] - [c5343914-0b4b-4755-a383-7bfdc9add418_config-0] Register server push request handler:com.alibaba.nacos.common.remote.client.RpcClient$$Lambda/0x000001ecd4555440
22:14:30.301 [main] INFO  c.a.n.c.c.u.JvmUtil - [init,59] - isMultiInstance:false
22:14:30.368 [main] INFO  c.v.s.VkSystemApplication - [logStartupProfileInfo,660] - The following 1 profile is active: "dev"
22:14:31.752 [main] INFO  o.a.c.h.Http11NioProtocol - [log,173] - Initializing ProtocolHandler ["http-nio-19002"]
22:14:31.753 [main] INFO  o.a.c.c.StandardService - [log,173] - Starting service [Tomcat]
22:14:31.753 [main] INFO  o.a.c.c.StandardEngine - [log,173] - Starting Servlet engine: [Apache Tomcat/10.1.20]
22:14:31.799 [main] INFO  o.a.c.c.C.[.[.[/] - [log,173] - Initializing Spring embedded WebApplicationContext
22:14:32.597 [main] INFO  c.a.d.p.DruidDataSource - [init,1002] - {dataSource-1} inited
22:14:34.838 [main] INFO  o.a.c.h.Http11NioProtocol - [log,173] - Starting ProtocolHandler ["http-nio-19002"]
22:14:34.848 [main] INFO  c.a.n.client.naming - [initNamespaceForNaming,62] - initializer namespace from ans.namespace attribute : null
22:14:34.848 [main] INFO  c.a.n.client.naming - [lambda$initNamespaceForNaming$0,66] - initializer namespace from ALIBABA_ALIWARE_NAMESPACE attribute :null
22:14:34.848 [main] INFO  c.a.n.client.naming - [lambda$initNamespaceForNaming$1,73] - initializer namespace from namespace attribute :null
22:14:34.851 [main] INFO  c.a.n.client.naming - [<init>,74] - FailoverDataSource type is class com.alibaba.nacos.client.naming.backups.datasource.DiskFailoverDataSource
22:14:34.854 [main] INFO  c.a.n.p.a.s.c.ClientAuthPluginManager - [init,56] - [ClientAuthPluginManager] Load ClientAuthService com.alibaba.nacos.client.auth.impl.NacosClientAuthServiceImpl success.
22:14:34.854 [main] INFO  c.a.n.p.a.s.c.ClientAuthPluginManager - [init,56] - [ClientAuthPluginManager] Load ClientAuthService com.alibaba.nacos.client.auth.ram.RamClientAuthServiceImpl success.
22:14:34.962 [main] INFO  c.a.n.c.r.client - [lambda$createClient$0,118] - [RpcClientFactory] create a new rpc client of d036ea25-9d04-41a7-9e5a-4c6108f5d611
22:14:34.963 [main] INFO  c.a.n.client.naming - [<init>,109] - Create naming rpc client for uuid->d036ea25-9d04-41a7-9e5a-4c6108f5d611
22:14:34.963 [main] INFO  c.a.n.c.r.client - [printIfInfoEnabled,63] - [d036ea25-9d04-41a7-9e5a-4c6108f5d611] RpcClient init, ServerListFactory = com.alibaba.nacos.client.naming.core.ServerListManager
22:14:34.963 [main] INFO  c.a.n.c.r.client - [printIfInfoEnabled,63] - [d036ea25-9d04-41a7-9e5a-4c6108f5d611] Registry connection listener to current client:com.alibaba.nacos.client.naming.remote.gprc.redo.NamingGrpcRedoService
22:14:34.963 [main] INFO  c.a.n.c.r.client - [printIfInfoEnabled,63] - [d036ea25-9d04-41a7-9e5a-4c6108f5d611] Register server push request handler:com.alibaba.nacos.client.naming.remote.gprc.NamingPushRequestHandler
22:14:34.964 [main] INFO  c.a.n.c.r.client - [printIfInfoEnabled,63] - [d036ea25-9d04-41a7-9e5a-4c6108f5d611] Try to connect to server on start up, server: {serverIp = '123.207.35.9', server main port = 8848}
22:14:34.964 [main] INFO  c.a.n.c.r.c.g.GrpcClient - [createNewManagedChannel,210] - grpc client connection server:123.207.35.9 ip,serverPort:9848,grpcTslConfig:{"sslProvider":"","enableTls":false,"mutualAuthEnable":false,"trustAll":false}
22:14:35.097 [main] INFO  c.a.n.c.r.client - [printIfInfoEnabled,63] - [d036ea25-9d04-41a7-9e5a-4c6108f5d611] Success to connect to server [123.207.35.9:8848] on start up, connectionId = 1715091274349_14.153.18.176_55517
22:14:35.098 [main] INFO  c.a.n.c.r.client - [printIfInfoEnabled,63] - [d036ea25-9d04-41a7-9e5a-4c6108f5d611] Register server push request handler:com.alibaba.nacos.common.remote.client.RpcClient$ConnectResetRequestHandler
22:14:35.098 [com.alibaba.nacos.client.remote.worker.0] INFO  c.a.n.c.r.client - [printIfInfoEnabled,63] - [d036ea25-9d04-41a7-9e5a-4c6108f5d611] Notify connected event to listeners.
22:14:35.098 [main] INFO  c.a.n.c.r.client - [printIfInfoEnabled,63] - [d036ea25-9d04-41a7-9e5a-4c6108f5d611] Register server push request handler:com.alibaba.nacos.common.remote.client.RpcClient$$Lambda/0x000001ecd4555440
22:14:35.099 [com.alibaba.nacos.client.remote.worker.0] INFO  c.a.n.client.naming - [onConnected,90] - Grpc connection connect
22:14:35.103 [main] INFO  c.a.n.client.naming - [registerService,133] - [REGISTER-SERVICE] public registering service vk-service-system with instance Instance{instanceId='null', ip='192.168.31.87', port=19002, weight=1.0, healthy=true, enabled=true, ephemeral=true, clusterName='DEFAULT', serviceName='null', metadata={IPv6=null, preserved.register.source=SPRING_CLOUD}}
22:14:35.127 [main] INFO  c.a.c.n.r.NacosServiceRegistry - [register,76] - nacos registry, DEFAULT_GROUP vk-service-system 192.168.31.87:19002 register finished
22:14:35.141 [main] INFO  c.v.s.VkSystemApplication - [logStarted,56] - Started VkSystemApplication in 6.124 seconds (process running for 6.7)
22:14:35.147 [main] INFO  c.a.n.c.c.i.CacheData - [initNotifyWarnTimeout,72] - config listener notify warn timeout millis use default 60000 millis 
22:14:35.147 [main] INFO  c.a.n.c.c.i.CacheData - [<clinit>,99] - nacos.cache.data.init.snapshot = true 
22:14:35.147 [main] INFO  c.a.n.c.c.i.ClientWorker - [addCacheDataIfAbsent,416] - [fixed-123.207.35.9_8848] [subscribe] vk-service-system+DEFAULT_GROUP
22:14:35.152 [main] INFO  c.a.n.c.c.i.CacheData - [addListener,236] - [fixed-123.207.35.9_8848] [add-listener] ok, tenant=, dataId=vk-service-system, group=DEFAULT_GROUP, cnt=1
22:14:35.152 [main] INFO  c.a.c.n.r.NacosContextRefresher - [registerNacosListener,131] - [Nacos Config] Listening config: dataId=vk-service-system, group=DEFAULT_GROUP
22:14:35.152 [main] INFO  c.a.n.c.c.i.ClientWorker - [addCacheDataIfAbsent,416] - [fixed-123.207.35.9_8848] [subscribe] vk-service-system-dev.yml+DEFAULT_GROUP
22:14:35.152 [main] INFO  c.a.n.c.c.i.CacheData - [addListener,236] - [fixed-123.207.35.9_8848] [add-listener] ok, tenant=, dataId=vk-service-system-dev.yml, group=DEFAULT_GROUP, cnt=1
22:14:35.152 [main] INFO  c.a.c.n.r.NacosContextRefresher - [registerNacosListener,131] - [Nacos Config] Listening config: dataId=vk-service-system-dev.yml, group=DEFAULT_GROUP
22:14:35.152 [main] INFO  c.a.n.c.c.i.ClientWorker - [addCacheDataIfAbsent,416] - [fixed-123.207.35.9_8848] [subscribe] vk-service-system.yml+DEFAULT_GROUP
22:14:35.152 [main] INFO  c.a.n.c.c.i.CacheData - [addListener,236] - [fixed-123.207.35.9_8848] [add-listener] ok, tenant=, dataId=vk-service-system.yml, group=DEFAULT_GROUP, cnt=1
22:14:35.152 [main] INFO  c.a.c.n.r.NacosContextRefresher - [registerNacosListener,131] - [Nacos Config] Listening config: dataId=vk-service-system.yml, group=DEFAULT_GROUP
22:14:35.658 [RMI TCP Connection(1)-192.168.31.87] INFO  o.a.c.c.C.[.[.[/] - [log,173] - Initializing Spring DispatcherServlet 'dispatcherServlet'
