17:32:29.149 [background-preinit] INFO  o.h.v.i.util.Version - [<clinit>,21] - HV000001: Hibernate Validator 8.0.1.Final
17:32:29.856 [main] INFO  c.a.n.c.u.ParamUtil - [<clinit>,89] - [settings] [req-serv] nacos-server port:8848
17:32:29.856 [main] INFO  c.a.n.c.u.ParamUtil - [<clinit>,92] - [settings] [http-client] connect timeout:1000
17:32:29.857 [main] INFO  c.a.n.c.u.ParamUtil - [<clinit>,97] - PER_TASK_CONFIG_SIZE: 3000.0
17:32:29.875 [Thread-1] INFO  c.a.n.c.a.r.i.CredentialWatcher - [loadCredentialFromEnv,189] - null No credential found
17:32:29.967 [main] INFO  c.a.n.common.labels - [getLabels,48] - DefaultLabelsCollectorManager get labels.....
17:32:29.968 [main] INFO  c.a.n.common.labels - [getLabels,62] - Process LabelsCollector with [name:defaultNacosLabelsCollector]
17:32:29.969 [main] INFO  c.a.n.common.labels - [collectLabels,62] - default nacos collect properties raw labels: null
17:32:29.969 [main] INFO  c.a.n.common.labels - [collectLabels,69] - default nacos collect properties labels: {}
17:32:29.969 [main] INFO  c.a.n.common.labels - [collectLabels,72] - default nacos collect jvm raw labels: null
17:32:29.969 [main] INFO  c.a.n.common.labels - [collectLabels,78] - default nacos collect jvm labels: {}
17:32:29.970 [main] INFO  c.a.n.common.labels - [collectLabels,81] - default nacos collect env raw labels: null
17:32:29.970 [main] INFO  c.a.n.common.labels - [collectLabels,89] - default nacos collect env labels: {}
17:32:29.970 [main] INFO  c.a.n.common.labels - [getLabels,50] - DefaultLabelsCollectorManager get labels finished,labels :{}
17:32:29.987 [main] INFO  c.a.n.p.a.s.c.ClientAuthPluginManager - [init,56] - [ClientAuthPluginManager] Load ClientAuthService com.alibaba.nacos.client.auth.impl.NacosClientAuthServiceImpl success.
17:32:29.988 [main] INFO  c.a.n.p.a.s.c.ClientAuthPluginManager - [init,56] - [ClientAuthPluginManager] Load ClientAuthService com.alibaba.nacos.client.auth.ram.RamClientAuthServiceImpl success.
17:32:30.079 [main] INFO  c.a.n.c.c.i.Limiter - [<clinit>,55] - limitTime:5.0
17:32:30.462 [main] INFO  c.a.n.c.c.i.LocalConfigInfoProcessor - [<clinit>,65] - LOCAL_SNAPSHOT_PATH:C:\Users\Administrator\nacos\config
17:32:30.468 [main] INFO  c.a.n.c.r.client - [lambda$createClient$0,118] - [RpcClientFactory] create a new rpc client of ec05c183-6656-4ce3-9d4a-ab7f1287ebca_config-0
17:32:30.504 [main] INFO  c.a.n.c.r.client - [printIfInfoEnabled,63] - [ec05c183-6656-4ce3-9d4a-ab7f1287ebca_config-0] Register server push request handler:com.alibaba.nacos.client.config.impl.ClientWorker$ConfigRpcTransportClient$$Lambda/0x000001a30a3c97b8
17:32:30.504 [main] INFO  c.a.n.c.r.client - [printIfInfoEnabled,63] - [ec05c183-6656-4ce3-9d4a-ab7f1287ebca_config-0] Register server push request handler:com.alibaba.nacos.client.config.impl.ClientWorker$ConfigRpcTransportClient$$Lambda/0x000001a30a3c9bd8
17:32:30.505 [main] INFO  c.a.n.c.r.client - [printIfInfoEnabled,63] - [ec05c183-6656-4ce3-9d4a-ab7f1287ebca_config-0] Registry connection listener to current client:com.alibaba.nacos.client.config.impl.ClientWorker$ConfigRpcTransportClient$1
17:32:30.505 [main] INFO  c.a.n.c.r.client - [printIfInfoEnabled,63] - [ec05c183-6656-4ce3-9d4a-ab7f1287ebca_config-0] RpcClient init, ServerListFactory = com.alibaba.nacos.client.config.impl.ClientWorker$ConfigRpcTransportClient$2
17:32:30.511 [main] INFO  c.a.n.c.r.client - [printIfInfoEnabled,63] - [ec05c183-6656-4ce3-9d4a-ab7f1287ebca_config-0] Try to connect to server on start up, server: {serverIp = '123.207.35.9', server main port = 8848}
17:32:30.533 [main] INFO  c.a.n.c.r.c.g.GrpcClient - [createNewManagedChannel,210] - grpc client connection server:123.207.35.9 ip,serverPort:9848,grpcTslConfig:{"sslProvider":"","enableTls":false,"mutualAuthEnable":false,"trustAll":false}
17:32:31.645 [main] INFO  c.a.n.c.a.AbstractAbilityControlManager - [initAbilityTable,61] - Ready to get current node abilities...
17:32:31.648 [main] INFO  c.a.n.c.a.AbstractAbilityControlManager - [initAbilityTable,89] - Ready to initialize current node abilities, support modes: [SDK_CLIENT]
17:32:31.650 [main] INFO  c.a.n.c.a.AbstractAbilityControlManager - [initAbilityTable,94] - Initialize current abilities finish...
17:32:31.651 [main] INFO  c.a.n.c.a.d.NacosAbilityManagerHolder - [initAbilityControlManager,85] - [AbilityControlManager] Successfully initialize AbilityControlManager
17:32:31.773 [main] INFO  c.a.n.c.r.client - [printIfInfoEnabled,63] - [ec05c183-6656-4ce3-9d4a-ab7f1287ebca_config-0] Success to connect to server [123.207.35.9:8848] on start up, connectionId = 1715074329391_113.118.188.154_61809
17:32:31.774 [com.alibaba.nacos.client.remote.worker.0] INFO  c.a.n.c.r.client - [printIfInfoEnabled,63] - [ec05c183-6656-4ce3-9d4a-ab7f1287ebca_config-0] Notify connected event to listeners.
17:32:31.774 [main] INFO  c.a.n.c.r.client - [printIfInfoEnabled,63] - [ec05c183-6656-4ce3-9d4a-ab7f1287ebca_config-0] Register server push request handler:com.alibaba.nacos.common.remote.client.RpcClient$ConnectResetRequestHandler
17:32:31.775 [com.alibaba.nacos.client.remote.worker.0] INFO  c.a.n.c.c.i.ClientWorker - [onConnected,713] - [ec05c183-6656-4ce3-9d4a-ab7f1287ebca_config-0] Connected,notify listen context...
17:32:31.775 [main] INFO  c.a.n.c.r.client - [printIfInfoEnabled,63] - [ec05c183-6656-4ce3-9d4a-ab7f1287ebca_config-0] Register server push request handler:com.alibaba.nacos.common.remote.client.RpcClient$$Lambda/0x000001a30a5279a0
17:32:31.947 [main] INFO  c.v.g.RuoYiGatewayApplication - [logStartupProfileInfo,660] - The following 1 profile is active: "dev"
17:32:38.950 [main] INFO  c.a.n.client.naming - [initNamespaceForNaming,62] - initializer namespace from ans.namespace attribute : null
17:32:38.951 [main] INFO  c.a.n.client.naming - [lambda$initNamespaceForNaming$0,66] - initializer namespace from ALIBABA_ALIWARE_NAMESPACE attribute :null
17:32:38.952 [main] INFO  c.a.n.client.naming - [lambda$initNamespaceForNaming$1,73] - initializer namespace from namespace attribute :null
17:32:38.958 [main] INFO  c.a.n.client.naming - [<init>,74] - FailoverDataSource type is class com.alibaba.nacos.client.naming.backups.datasource.DiskFailoverDataSource
17:32:38.974 [main] INFO  c.a.n.p.a.s.c.ClientAuthPluginManager - [init,56] - [ClientAuthPluginManager] Load ClientAuthService com.alibaba.nacos.client.auth.impl.NacosClientAuthServiceImpl success.
17:32:38.974 [main] INFO  c.a.n.p.a.s.c.ClientAuthPluginManager - [init,56] - [ClientAuthPluginManager] Load ClientAuthService com.alibaba.nacos.client.auth.ram.RamClientAuthServiceImpl success.
17:32:39.082 [main] INFO  c.a.n.c.r.client - [lambda$createClient$0,118] - [RpcClientFactory] create a new rpc client of 782f244d-7f35-4a8d-8767-447ea1afc52c
17:32:39.083 [main] INFO  c.a.n.client.naming - [<init>,109] - Create naming rpc client for uuid->782f244d-7f35-4a8d-8767-447ea1afc52c
17:32:39.084 [main] INFO  c.a.n.c.r.client - [printIfInfoEnabled,63] - [782f244d-7f35-4a8d-8767-447ea1afc52c] RpcClient init, ServerListFactory = com.alibaba.nacos.client.naming.core.ServerListManager
17:32:39.084 [main] INFO  c.a.n.c.r.client - [printIfInfoEnabled,63] - [782f244d-7f35-4a8d-8767-447ea1afc52c] Registry connection listener to current client:com.alibaba.nacos.client.naming.remote.gprc.redo.NamingGrpcRedoService
17:32:39.084 [main] INFO  c.a.n.c.r.client - [printIfInfoEnabled,63] - [782f244d-7f35-4a8d-8767-447ea1afc52c] Register server push request handler:com.alibaba.nacos.client.naming.remote.gprc.NamingPushRequestHandler
17:32:39.085 [main] INFO  c.a.n.c.r.client - [printIfInfoEnabled,63] - [782f244d-7f35-4a8d-8767-447ea1afc52c] Try to connect to server on start up, server: {serverIp = '123.207.35.9', server main port = 8848}
17:32:39.085 [main] INFO  c.a.n.c.r.c.g.GrpcClient - [createNewManagedChannel,210] - grpc client connection server:123.207.35.9 ip,serverPort:9848,grpcTslConfig:{"sslProvider":"","enableTls":false,"mutualAuthEnable":false,"trustAll":false}
17:32:39.229 [main] INFO  c.a.n.c.r.client - [printIfInfoEnabled,63] - [782f244d-7f35-4a8d-8767-447ea1afc52c] Success to connect to server [123.207.35.9:8848] on start up, connectionId = 1715074337008_113.118.188.154_61818
17:32:39.229 [main] INFO  c.a.n.c.r.client - [printIfInfoEnabled,63] - [782f244d-7f35-4a8d-8767-447ea1afc52c] Register server push request handler:com.alibaba.nacos.common.remote.client.RpcClient$ConnectResetRequestHandler
17:32:39.229 [com.alibaba.nacos.client.remote.worker.0] INFO  c.a.n.c.r.client - [printIfInfoEnabled,63] - [782f244d-7f35-4a8d-8767-447ea1afc52c] Notify connected event to listeners.
17:32:39.230 [main] INFO  c.a.n.c.r.client - [printIfInfoEnabled,63] - [782f244d-7f35-4a8d-8767-447ea1afc52c] Register server push request handler:com.alibaba.nacos.common.remote.client.RpcClient$$Lambda/0x000001a30a5279a0
17:32:39.230 [com.alibaba.nacos.client.remote.worker.0] INFO  c.a.n.client.naming - [onConnected,90] - Grpc connection connect
17:32:39.231 [main] INFO  c.a.n.client.naming - [registerService,133] - [REGISTER-SERVICE] public registering service gateway-login with instance Instance{instanceId='null', ip='172.30.20.31', port=16001, weight=1.0, healthy=true, enabled=true, ephemeral=true, clusterName='DEFAULT', serviceName='null', metadata={IPv6=null, preserved.register.source=SPRING_CLOUD}}
17:32:39.254 [main] INFO  c.a.c.n.r.NacosServiceRegistry - [register,76] - nacos registry, SERVICE-GROUP gateway-login 172.30.20.31:16001 register finished
17:32:39.401 [main] INFO  c.v.g.RuoYiGatewayApplication - [logStarted,56] - Started RuoYiGatewayApplication in 10.883 seconds (process running for 14.492)
17:32:39.405 [main] INFO  c.a.n.c.c.i.CacheData - [initNotifyWarnTimeout,72] - config listener notify warn timeout millis use default 60000 millis 
17:32:39.405 [main] INFO  c.a.n.c.c.i.CacheData - [<clinit>,99] - nacos.cache.data.init.snapshot = true 
17:32:39.405 [main] INFO  c.a.n.c.c.i.ClientWorker - [addCacheDataIfAbsent,416] - [fixed-123.207.35.9_8848] [subscribe] gateway-login.yml+SERVICE-GROUP
17:32:39.412 [main] INFO  c.a.n.c.c.i.CacheData - [addListener,236] - [fixed-123.207.35.9_8848] [add-listener] ok, tenant=, dataId=gateway-login.yml, group=SERVICE-GROUP, cnt=1
17:32:39.412 [main] INFO  c.a.c.n.r.NacosContextRefresher - [registerNacosListener,131] - [Nacos Config] Listening config: dataId=gateway-login.yml, group=SERVICE-GROUP
17:32:39.413 [main] INFO  c.a.n.c.c.i.ClientWorker - [addCacheDataIfAbsent,416] - [fixed-123.207.35.9_8848] [subscribe] gateway-login+SERVICE-GROUP
17:32:39.413 [main] INFO  c.a.n.c.c.i.CacheData - [addListener,236] - [fixed-123.207.35.9_8848] [add-listener] ok, tenant=, dataId=gateway-login, group=SERVICE-GROUP, cnt=1
17:32:39.413 [main] INFO  c.a.c.n.r.NacosContextRefresher - [registerNacosListener,131] - [Nacos Config] Listening config: dataId=gateway-login, group=SERVICE-GROUP
17:32:39.413 [main] INFO  c.a.n.c.c.i.ClientWorker - [addCacheDataIfAbsent,416] - [fixed-123.207.35.9_8848] [subscribe] gateway-login-dev.yml+SERVICE-GROUP
17:32:39.413 [main] INFO  c.a.n.c.c.i.CacheData - [addListener,236] - [fixed-123.207.35.9_8848] [add-listener] ok, tenant=, dataId=gateway-login-dev.yml, group=SERVICE-GROUP, cnt=1
17:32:39.414 [main] INFO  c.a.c.n.r.NacosContextRefresher - [registerNacosListener,131] - [Nacos Config] Listening config: dataId=gateway-login-dev.yml, group=SERVICE-GROUP
17:39:47.085 [SpringApplicationShutdownHook] INFO  c.a.c.n.r.NacosServiceRegistry - [deregister,95] - De-registering from Nacos Server now...
17:39:47.085 [SpringApplicationShutdownHook] INFO  c.a.n.client.naming - [deregisterService,272] - [DEREGISTER-SERVICE] public deregistering service gateway-login with instance: Instance{instanceId='null', ip='172.30.20.31', port=16001, weight=1.0, healthy=true, enabled=true, ephemeral=true, clusterName='DEFAULT', serviceName='null', metadata={}}
17:39:47.103 [SpringApplicationShutdownHook] INFO  c.a.c.n.r.NacosServiceRegistry - [deregister,115] - De-registration finished.
17:39:47.104 [SpringApplicationShutdownHook] INFO  c.a.n.client.naming - [shutdown,254] - com.alibaba.nacos.client.naming.cache.ServiceInfoHolder do shutdown begin
17:39:47.104 [SpringApplicationShutdownHook] INFO  c.a.n.client.naming - [shutdown,180] - com.alibaba.nacos.client.naming.backups.FailoverReactor do shutdown begin
17:39:47.104 [SpringApplicationShutdownHook] INFO  c.a.n.client.naming - [shutdown,182] - com.alibaba.nacos.client.naming.backups.FailoverReactor do shutdown stop
17:39:47.105 [SpringApplicationShutdownHook] INFO  c.a.n.client.naming - [shutdown,256] - com.alibaba.nacos.client.naming.cache.ServiceInfoHolder do shutdown stop
17:39:47.105 [SpringApplicationShutdownHook] INFO  c.a.n.client.naming - [shutdown,204] - com.alibaba.nacos.client.naming.remote.NamingClientProxyDelegate do shutdown begin
17:39:47.105 [SpringApplicationShutdownHook] INFO  c.a.n.client.naming - [shutdown,147] - com.alibaba.nacos.client.naming.core.ServiceInfoUpdateService do shutdown begin
17:39:47.105 [SpringApplicationShutdownHook] INFO  c.a.n.client.naming - [shutdown,149] - com.alibaba.nacos.client.naming.core.ServiceInfoUpdateService do shutdown stop
17:39:47.105 [SpringApplicationShutdownHook] INFO  c.a.n.client.naming - [shutdown,218] - com.alibaba.nacos.client.naming.core.ServerListManager do shutdown begin
17:39:47.105 [SpringApplicationShutdownHook] INFO  c.a.n.client.naming - [shutdown,223] - com.alibaba.nacos.client.naming.core.ServerListManager do shutdown stop
17:39:47.105 [SpringApplicationShutdownHook] INFO  c.a.n.client.naming - [shutdown,468] - com.alibaba.nacos.client.naming.remote.http.NamingHttpClientProxy do shutdown begin
17:39:47.106 [SpringApplicationShutdownHook] INFO  c.a.n.client.naming - [shutdown,470] - com.alibaba.nacos.client.naming.remote.http.NamingHttpClientProxy do shutdown stop
17:39:47.106 [SpringApplicationShutdownHook] INFO  c.a.n.client.naming - [shutdown,487] - Shutdown naming grpc client proxy for  uuid->782f244d-7f35-4a8d-8767-447ea1afc52c
17:39:47.106 [SpringApplicationShutdownHook] INFO  c.a.n.client.naming - [shutdown,331] - Shutdown grpc redo service executor java.util.concurrent.ScheduledThreadPoolExecutor@7f478529[Running, pool size = 1, active threads = 0, queued tasks = 1, completed tasks = 142]
17:39:47.106 [SpringApplicationShutdownHook] INFO  c.a.n.c.r.client - [shutdown,425] - Shutdown rpc client, set status to shutdown
17:39:47.106 [SpringApplicationShutdownHook] INFO  c.a.n.c.r.client - [shutdown,427] - Shutdown client event executor java.util.concurrent.ScheduledThreadPoolExecutor@47541b42[Running, pool size = 2, active threads = 2, queued tasks = 0, completed tasks = 0]
17:39:47.106 [SpringApplicationShutdownHook] INFO  c.a.n.c.r.client - [closeConnection,584] - Close current connection 1715074337008_113.118.188.154_61818
17:39:47.123 [nacos-grpc-client-executor-123.207.35.9-103] INFO  c.a.n.c.r.c.g.GrpcClient - [printIfInfoEnabled,63] - [1715074337008_113.118.188.154_61818]Ignore complete event,isRunning:false,isAbandon=false
17:39:47.137 [SpringApplicationShutdownHook] INFO  c.a.n.c.r.c.g.GrpcClient - [shutdown,187] - Shutdown grpc executor java.util.concurrent.ThreadPoolExecutor@59cc46a4[Running, pool size = 5, active threads = 0, queued tasks = 0, completed tasks = 104]
17:39:47.137 [SpringApplicationShutdownHook] INFO  c.a.n.client.naming - [shutDownAndRemove,497] - shutdown and remove naming rpc client  for uuid ->782f244d-7f35-4a8d-8767-447ea1afc52c
17:39:47.138 [SpringApplicationShutdownHook] INFO  c.a.n.c.a.r.i.CredentialWatcher - [stop,107] - [null] CredentialWatcher is stopped
17:39:47.138 [SpringApplicationShutdownHook] INFO  c.a.n.c.a.r.i.CredentialService - [free,91] - [null] CredentialService is freed
17:39:47.139 [SpringApplicationShutdownHook] INFO  c.a.n.client.naming - [shutdown,211] - com.alibaba.nacos.client.naming.remote.NamingClientProxyDelegate do shutdown stop
17:39:53.830 [background-preinit] INFO  o.h.v.i.util.Version - [<clinit>,21] - HV000001: Hibernate Validator 8.0.1.Final
17:39:54.211 [main] INFO  c.a.n.c.u.ParamUtil - [<clinit>,89] - [settings] [req-serv] nacos-server port:8848
17:39:54.212 [main] INFO  c.a.n.c.u.ParamUtil - [<clinit>,92] - [settings] [http-client] connect timeout:1000
17:39:54.213 [main] INFO  c.a.n.c.u.ParamUtil - [<clinit>,97] - PER_TASK_CONFIG_SIZE: 3000.0
17:39:54.227 [Thread-1] INFO  c.a.n.c.a.r.i.CredentialWatcher - [loadCredentialFromEnv,189] - null No credential found
17:39:54.249 [main] INFO  c.a.n.common.labels - [getLabels,48] - DefaultLabelsCollectorManager get labels.....
17:39:54.249 [main] INFO  c.a.n.common.labels - [getLabels,62] - Process LabelsCollector with [name:defaultNacosLabelsCollector]
17:39:54.249 [main] INFO  c.a.n.common.labels - [collectLabels,62] - default nacos collect properties raw labels: null
17:39:54.250 [main] INFO  c.a.n.common.labels - [collectLabels,69] - default nacos collect properties labels: {}
17:39:54.250 [main] INFO  c.a.n.common.labels - [collectLabels,72] - default nacos collect jvm raw labels: null
17:39:54.250 [main] INFO  c.a.n.common.labels - [collectLabels,78] - default nacos collect jvm labels: {}
17:39:54.251 [main] INFO  c.a.n.common.labels - [collectLabels,81] - default nacos collect env raw labels: null
17:39:54.251 [main] INFO  c.a.n.common.labels - [collectLabels,89] - default nacos collect env labels: {}
17:39:54.251 [main] INFO  c.a.n.common.labels - [getLabels,50] - DefaultLabelsCollectorManager get labels finished,labels :{}
17:39:54.258 [main] INFO  c.a.n.p.a.s.c.ClientAuthPluginManager - [init,56] - [ClientAuthPluginManager] Load ClientAuthService com.alibaba.nacos.client.auth.impl.NacosClientAuthServiceImpl success.
17:39:54.259 [main] INFO  c.a.n.p.a.s.c.ClientAuthPluginManager - [init,56] - [ClientAuthPluginManager] Load ClientAuthService com.alibaba.nacos.client.auth.ram.RamClientAuthServiceImpl success.
17:39:54.325 [main] INFO  c.a.n.c.c.i.Limiter - [<clinit>,55] - limitTime:5.0
17:39:54.680 [main] INFO  c.a.n.c.c.i.LocalConfigInfoProcessor - [<clinit>,65] - LOCAL_SNAPSHOT_PATH:C:\Users\Administrator\nacos\config
17:39:54.684 [main] INFO  c.a.n.c.r.client - [lambda$createClient$0,118] - [RpcClientFactory] create a new rpc client of d6a6bbbe-2bd0-43c7-b5f9-d86a9742dc18_config-0
17:39:54.732 [main] INFO  c.a.n.c.r.client - [printIfInfoEnabled,63] - [d6a6bbbe-2bd0-43c7-b5f9-d86a9742dc18_config-0] Register server push request handler:com.alibaba.nacos.client.config.impl.ClientWorker$ConfigRpcTransportClient$$Lambda/0x0000016d443ce060
17:39:54.733 [main] INFO  c.a.n.c.r.client - [printIfInfoEnabled,63] - [d6a6bbbe-2bd0-43c7-b5f9-d86a9742dc18_config-0] Register server push request handler:com.alibaba.nacos.client.config.impl.ClientWorker$ConfigRpcTransportClient$$Lambda/0x0000016d443ce480
17:39:54.734 [main] INFO  c.a.n.c.r.client - [printIfInfoEnabled,63] - [d6a6bbbe-2bd0-43c7-b5f9-d86a9742dc18_config-0] Registry connection listener to current client:com.alibaba.nacos.client.config.impl.ClientWorker$ConfigRpcTransportClient$1
17:39:54.734 [main] INFO  c.a.n.c.r.client - [printIfInfoEnabled,63] - [d6a6bbbe-2bd0-43c7-b5f9-d86a9742dc18_config-0] RpcClient init, ServerListFactory = com.alibaba.nacos.client.config.impl.ClientWorker$ConfigRpcTransportClient$2
17:39:54.741 [main] INFO  c.a.n.c.r.client - [printIfInfoEnabled,63] - [d6a6bbbe-2bd0-43c7-b5f9-d86a9742dc18_config-0] Try to connect to server on start up, server: {serverIp = '123.207.35.9', server main port = 8848}
17:39:54.762 [main] INFO  c.a.n.c.r.c.g.GrpcClient - [createNewManagedChannel,210] - grpc client connection server:123.207.35.9 ip,serverPort:9848,grpcTslConfig:{"sslProvider":"","enableTls":false,"mutualAuthEnable":false,"trustAll":false}
17:39:55.586 [main] INFO  c.a.n.c.a.AbstractAbilityControlManager - [initAbilityTable,61] - Ready to get current node abilities...
17:39:55.588 [main] INFO  c.a.n.c.a.AbstractAbilityControlManager - [initAbilityTable,89] - Ready to initialize current node abilities, support modes: [SDK_CLIENT]
17:39:55.588 [main] INFO  c.a.n.c.a.AbstractAbilityControlManager - [initAbilityTable,94] - Initialize current abilities finish...
17:39:55.589 [main] INFO  c.a.n.c.a.d.NacosAbilityManagerHolder - [initAbilityControlManager,85] - [AbilityControlManager] Successfully initialize AbilityControlManager
17:39:55.707 [main] INFO  c.a.n.c.r.client - [printIfInfoEnabled,63] - [d6a6bbbe-2bd0-43c7-b5f9-d86a9742dc18_config-0] Success to connect to server [123.207.35.9:8848] on start up, connectionId = 1715074773383_113.118.188.154_62212
17:39:55.708 [com.alibaba.nacos.client.remote.worker.0] INFO  c.a.n.c.r.client - [printIfInfoEnabled,63] - [d6a6bbbe-2bd0-43c7-b5f9-d86a9742dc18_config-0] Notify connected event to listeners.
17:39:55.708 [main] INFO  c.a.n.c.r.client - [printIfInfoEnabled,63] - [d6a6bbbe-2bd0-43c7-b5f9-d86a9742dc18_config-0] Register server push request handler:com.alibaba.nacos.common.remote.client.RpcClient$ConnectResetRequestHandler
17:39:55.708 [com.alibaba.nacos.client.remote.worker.0] INFO  c.a.n.c.c.i.ClientWorker - [onConnected,713] - [d6a6bbbe-2bd0-43c7-b5f9-d86a9742dc18_config-0] Connected,notify listen context...
17:39:55.708 [main] INFO  c.a.n.c.r.client - [printIfInfoEnabled,63] - [d6a6bbbe-2bd0-43c7-b5f9-d86a9742dc18_config-0] Register server push request handler:com.alibaba.nacos.common.remote.client.RpcClient$$Lambda/0x0000016d44548668
17:39:55.820 [main] INFO  c.v.g.RuoYiGatewayApplication - [logStartupProfileInfo,660] - The following 1 profile is active: "dev"
17:39:59.727 [main] INFO  c.a.n.client.naming - [initNamespaceForNaming,62] - initializer namespace from ans.namespace attribute : null
17:39:59.728 [main] INFO  c.a.n.client.naming - [lambda$initNamespaceForNaming$0,66] - initializer namespace from ALIBABA_ALIWARE_NAMESPACE attribute :null
17:39:59.728 [main] INFO  c.a.n.client.naming - [lambda$initNamespaceForNaming$1,73] - initializer namespace from namespace attribute :null
17:39:59.733 [main] INFO  c.a.n.client.naming - [<init>,74] - FailoverDataSource type is class com.alibaba.nacos.client.naming.backups.datasource.DiskFailoverDataSource
17:39:59.738 [main] INFO  c.a.n.p.a.s.c.ClientAuthPluginManager - [init,56] - [ClientAuthPluginManager] Load ClientAuthService com.alibaba.nacos.client.auth.impl.NacosClientAuthServiceImpl success.
17:39:59.738 [main] INFO  c.a.n.p.a.s.c.ClientAuthPluginManager - [init,56] - [ClientAuthPluginManager] Load ClientAuthService com.alibaba.nacos.client.auth.ram.RamClientAuthServiceImpl success.
17:39:59.845 [main] INFO  c.a.n.c.r.client - [lambda$createClient$0,118] - [RpcClientFactory] create a new rpc client of 0931849a-e7ce-4f39-a631-d6a4f4c552ac
17:39:59.847 [main] INFO  c.a.n.client.naming - [<init>,109] - Create naming rpc client for uuid->0931849a-e7ce-4f39-a631-d6a4f4c552ac
17:39:59.847 [main] INFO  c.a.n.c.r.client - [printIfInfoEnabled,63] - [0931849a-e7ce-4f39-a631-d6a4f4c552ac] RpcClient init, ServerListFactory = com.alibaba.nacos.client.naming.core.ServerListManager
17:39:59.847 [main] INFO  c.a.n.c.r.client - [printIfInfoEnabled,63] - [0931849a-e7ce-4f39-a631-d6a4f4c552ac] Registry connection listener to current client:com.alibaba.nacos.client.naming.remote.gprc.redo.NamingGrpcRedoService
17:39:59.848 [main] INFO  c.a.n.c.r.client - [printIfInfoEnabled,63] - [0931849a-e7ce-4f39-a631-d6a4f4c552ac] Register server push request handler:com.alibaba.nacos.client.naming.remote.gprc.NamingPushRequestHandler
17:39:59.848 [main] INFO  c.a.n.c.r.client - [printIfInfoEnabled,63] - [0931849a-e7ce-4f39-a631-d6a4f4c552ac] Try to connect to server on start up, server: {serverIp = '123.207.35.9', server main port = 8848}
17:39:59.849 [main] INFO  c.a.n.c.r.c.g.GrpcClient - [createNewManagedChannel,210] - grpc client connection server:123.207.35.9 ip,serverPort:9848,grpcTslConfig:{"sslProvider":"","enableTls":false,"mutualAuthEnable":false,"trustAll":false}
17:39:59.987 [main] INFO  c.a.n.c.r.client - [printIfInfoEnabled,63] - [0931849a-e7ce-4f39-a631-d6a4f4c552ac] Success to connect to server [123.207.35.9:8848] on start up, connectionId = 1715074777770_113.118.188.154_62213
17:39:59.987 [main] INFO  c.a.n.c.r.client - [printIfInfoEnabled,63] - [0931849a-e7ce-4f39-a631-d6a4f4c552ac] Register server push request handler:com.alibaba.nacos.common.remote.client.RpcClient$ConnectResetRequestHandler
17:39:59.987 [com.alibaba.nacos.client.remote.worker.0] INFO  c.a.n.c.r.client - [printIfInfoEnabled,63] - [0931849a-e7ce-4f39-a631-d6a4f4c552ac] Notify connected event to listeners.
17:39:59.988 [main] INFO  c.a.n.c.r.client - [printIfInfoEnabled,63] - [0931849a-e7ce-4f39-a631-d6a4f4c552ac] Register server push request handler:com.alibaba.nacos.common.remote.client.RpcClient$$Lambda/0x0000016d44548668
17:39:59.988 [com.alibaba.nacos.client.remote.worker.0] INFO  c.a.n.client.naming - [onConnected,90] - Grpc connection connect
17:39:59.989 [main] INFO  c.a.n.client.naming - [registerService,133] - [REGISTER-SERVICE] public registering service gateway-login with instance Instance{instanceId='null', ip='172.30.20.31', port=16001, weight=1.0, healthy=true, enabled=true, ephemeral=true, clusterName='DEFAULT', serviceName='null', metadata={IPv6=null, preserved.register.source=SPRING_CLOUD}}
17:40:00.017 [main] INFO  c.a.c.n.r.NacosServiceRegistry - [register,76] - nacos registry, SERVICE-GROUP gateway-login 172.30.20.31:16001 register finished
17:40:00.096 [main] INFO  c.v.g.RuoYiGatewayApplication - [logStarted,56] - Started RuoYiGatewayApplication in 6.703 seconds (process running for 8.296)
17:40:00.103 [main] INFO  c.a.n.c.c.i.CacheData - [initNotifyWarnTimeout,72] - config listener notify warn timeout millis use default 60000 millis 
17:40:00.103 [main] INFO  c.a.n.c.c.i.CacheData - [<clinit>,99] - nacos.cache.data.init.snapshot = true 
17:40:00.104 [main] INFO  c.a.n.c.c.i.ClientWorker - [addCacheDataIfAbsent,416] - [fixed-123.207.35.9_8848] [subscribe] gateway-login.yml+SERVICE-GROUP
17:40:00.115 [main] INFO  c.a.n.c.c.i.CacheData - [addListener,236] - [fixed-123.207.35.9_8848] [add-listener] ok, tenant=, dataId=gateway-login.yml, group=SERVICE-GROUP, cnt=1
17:40:00.116 [main] INFO  c.a.c.n.r.NacosContextRefresher - [registerNacosListener,131] - [Nacos Config] Listening config: dataId=gateway-login.yml, group=SERVICE-GROUP
17:40:00.116 [main] INFO  c.a.n.c.c.i.ClientWorker - [addCacheDataIfAbsent,416] - [fixed-123.207.35.9_8848] [subscribe] gateway-login+SERVICE-GROUP
17:40:00.116 [main] INFO  c.a.n.c.c.i.CacheData - [addListener,236] - [fixed-123.207.35.9_8848] [add-listener] ok, tenant=, dataId=gateway-login, group=SERVICE-GROUP, cnt=1
17:40:00.117 [main] INFO  c.a.c.n.r.NacosContextRefresher - [registerNacosListener,131] - [Nacos Config] Listening config: dataId=gateway-login, group=SERVICE-GROUP
17:40:00.117 [main] INFO  c.a.n.c.c.i.ClientWorker - [addCacheDataIfAbsent,416] - [fixed-123.207.35.9_8848] [subscribe] gateway-login-dev.yml+SERVICE-GROUP
17:40:00.117 [main] INFO  c.a.n.c.c.i.CacheData - [addListener,236] - [fixed-123.207.35.9_8848] [add-listener] ok, tenant=, dataId=gateway-login-dev.yml, group=SERVICE-GROUP, cnt=1
17:40:00.118 [main] INFO  c.a.c.n.r.NacosContextRefresher - [registerNacosListener,131] - [Nacos Config] Listening config: dataId=gateway-login-dev.yml, group=SERVICE-GROUP
17:55:21.459 [SpringApplicationShutdownHook] INFO  c.a.c.n.r.NacosServiceRegistry - [deregister,95] - De-registering from Nacos Server now...
17:55:21.459 [SpringApplicationShutdownHook] INFO  c.a.n.client.naming - [deregisterService,272] - [DEREGISTER-SERVICE] public deregistering service gateway-login with instance: Instance{instanceId='null', ip='172.30.20.31', port=16001, weight=1.0, healthy=true, enabled=true, ephemeral=true, clusterName='DEFAULT', serviceName='null', metadata={}}
17:55:21.478 [SpringApplicationShutdownHook] INFO  c.a.c.n.r.NacosServiceRegistry - [deregister,115] - De-registration finished.
17:55:21.479 [SpringApplicationShutdownHook] INFO  c.a.n.client.naming - [shutdown,254] - com.alibaba.nacos.client.naming.cache.ServiceInfoHolder do shutdown begin
17:55:21.480 [SpringApplicationShutdownHook] INFO  c.a.n.client.naming - [shutdown,180] - com.alibaba.nacos.client.naming.backups.FailoverReactor do shutdown begin
17:55:21.480 [SpringApplicationShutdownHook] INFO  c.a.n.client.naming - [shutdown,182] - com.alibaba.nacos.client.naming.backups.FailoverReactor do shutdown stop
17:55:21.480 [SpringApplicationShutdownHook] INFO  c.a.n.client.naming - [shutdown,256] - com.alibaba.nacos.client.naming.cache.ServiceInfoHolder do shutdown stop
17:55:21.480 [SpringApplicationShutdownHook] INFO  c.a.n.client.naming - [shutdown,204] - com.alibaba.nacos.client.naming.remote.NamingClientProxyDelegate do shutdown begin
17:55:21.481 [SpringApplicationShutdownHook] INFO  c.a.n.client.naming - [shutdown,147] - com.alibaba.nacos.client.naming.core.ServiceInfoUpdateService do shutdown begin
17:55:21.481 [SpringApplicationShutdownHook] INFO  c.a.n.client.naming - [shutdown,149] - com.alibaba.nacos.client.naming.core.ServiceInfoUpdateService do shutdown stop
17:55:21.481 [SpringApplicationShutdownHook] INFO  c.a.n.client.naming - [shutdown,218] - com.alibaba.nacos.client.naming.core.ServerListManager do shutdown begin
17:55:21.481 [SpringApplicationShutdownHook] INFO  c.a.n.client.naming - [shutdown,223] - com.alibaba.nacos.client.naming.core.ServerListManager do shutdown stop
17:55:21.481 [SpringApplicationShutdownHook] INFO  c.a.n.client.naming - [shutdown,468] - com.alibaba.nacos.client.naming.remote.http.NamingHttpClientProxy do shutdown begin
17:55:21.481 [SpringApplicationShutdownHook] INFO  c.a.n.client.naming - [shutdown,470] - com.alibaba.nacos.client.naming.remote.http.NamingHttpClientProxy do shutdown stop
17:55:21.481 [SpringApplicationShutdownHook] INFO  c.a.n.client.naming - [shutdown,487] - Shutdown naming grpc client proxy for  uuid->0931849a-e7ce-4f39-a631-d6a4f4c552ac
17:55:21.481 [SpringApplicationShutdownHook] INFO  c.a.n.client.naming - [shutdown,331] - Shutdown grpc redo service executor java.util.concurrent.ScheduledThreadPoolExecutor@67887bf2[Running, pool size = 1, active threads = 0, queued tasks = 1, completed tasks = 306]
17:55:21.481 [SpringApplicationShutdownHook] INFO  c.a.n.c.r.client - [shutdown,425] - Shutdown rpc client, set status to shutdown
17:55:21.482 [SpringApplicationShutdownHook] INFO  c.a.n.c.r.client - [shutdown,427] - Shutdown client event executor java.util.concurrent.ScheduledThreadPoolExecutor@22dddb13[Running, pool size = 2, active threads = 2, queued tasks = 0, completed tasks = 0]
17:55:21.482 [SpringApplicationShutdownHook] INFO  c.a.n.c.r.client - [closeConnection,584] - Close current connection 1715074777770_113.118.188.154_62213
17:55:21.485 [SpringApplicationShutdownHook] INFO  c.a.n.c.r.c.g.GrpcClient - [shutdown,187] - Shutdown grpc executor java.util.concurrent.ThreadPoolExecutor@47541b42[Running, pool size = 4, active threads = 0, queued tasks = 0, completed tasks = 198]
17:55:21.486 [SpringApplicationShutdownHook] INFO  c.a.n.client.naming - [shutDownAndRemove,497] - shutdown and remove naming rpc client  for uuid ->0931849a-e7ce-4f39-a631-d6a4f4c552ac
17:55:21.486 [SpringApplicationShutdownHook] INFO  c.a.n.c.a.r.i.CredentialWatcher - [stop,107] - [null] CredentialWatcher is stopped
17:55:21.486 [SpringApplicationShutdownHook] INFO  c.a.n.c.a.r.i.CredentialService - [free,91] - [null] CredentialService is freed
17:55:21.486 [SpringApplicationShutdownHook] INFO  c.a.n.client.naming - [shutdown,211] - com.alibaba.nacos.client.naming.remote.NamingClientProxyDelegate do shutdown stop
17:55:25.492 [background-preinit] INFO  o.h.v.i.util.Version - [<clinit>,21] - HV000001: Hibernate Validator 8.0.1.Final
17:55:25.828 [main] INFO  c.a.n.c.u.ParamUtil - [<clinit>,89] - [settings] [req-serv] nacos-server port:8848
17:55:25.829 [main] INFO  c.a.n.c.u.ParamUtil - [<clinit>,92] - [settings] [http-client] connect timeout:1000
17:55:25.830 [main] INFO  c.a.n.c.u.ParamUtil - [<clinit>,97] - PER_TASK_CONFIG_SIZE: 3000.0
17:55:25.833 [Thread-1] INFO  c.a.n.c.a.r.i.CredentialWatcher - [loadCredentialFromEnv,189] - null No credential found
17:55:25.851 [main] INFO  c.a.n.common.labels - [getLabels,48] - DefaultLabelsCollectorManager get labels.....
17:55:25.852 [main] INFO  c.a.n.common.labels - [getLabels,62] - Process LabelsCollector with [name:defaultNacosLabelsCollector]
17:55:25.852 [main] INFO  c.a.n.common.labels - [collectLabels,62] - default nacos collect properties raw labels: null
17:55:25.853 [main] INFO  c.a.n.common.labels - [collectLabels,69] - default nacos collect properties labels: {}
17:55:25.853 [main] INFO  c.a.n.common.labels - [collectLabels,72] - default nacos collect jvm raw labels: null
17:55:25.853 [main] INFO  c.a.n.common.labels - [collectLabels,78] - default nacos collect jvm labels: {}
17:55:25.853 [main] INFO  c.a.n.common.labels - [collectLabels,81] - default nacos collect env raw labels: null
17:55:25.853 [main] INFO  c.a.n.common.labels - [collectLabels,89] - default nacos collect env labels: {}
17:55:25.854 [main] INFO  c.a.n.common.labels - [getLabels,50] - DefaultLabelsCollectorManager get labels finished,labels :{}
17:55:25.861 [main] INFO  c.a.n.p.a.s.c.ClientAuthPluginManager - [init,56] - [ClientAuthPluginManager] Load ClientAuthService com.alibaba.nacos.client.auth.impl.NacosClientAuthServiceImpl success.
17:55:25.862 [main] INFO  c.a.n.p.a.s.c.ClientAuthPluginManager - [init,56] - [ClientAuthPluginManager] Load ClientAuthService com.alibaba.nacos.client.auth.ram.RamClientAuthServiceImpl success.
17:55:25.896 [main] INFO  c.a.n.c.c.i.Limiter - [<clinit>,55] - limitTime:5.0
17:55:26.209 [main] INFO  c.a.n.c.c.i.LocalConfigInfoProcessor - [<clinit>,65] - LOCAL_SNAPSHOT_PATH:C:\Users\Administrator\nacos\config
17:55:26.213 [main] INFO  c.a.n.c.r.client - [lambda$createClient$0,118] - [RpcClientFactory] create a new rpc client of 24146e60-cb21-4f13-9b59-141e1c392455_config-0
17:55:26.232 [main] INFO  c.a.n.c.r.client - [printIfInfoEnabled,63] - [24146e60-cb21-4f13-9b59-141e1c392455_config-0] Register server push request handler:com.alibaba.nacos.client.config.impl.ClientWorker$ConfigRpcTransportClient$$Lambda/0x000002a7313f56d8
17:55:26.233 [main] INFO  c.a.n.c.r.client - [printIfInfoEnabled,63] - [24146e60-cb21-4f13-9b59-141e1c392455_config-0] Register server push request handler:com.alibaba.nacos.client.config.impl.ClientWorker$ConfigRpcTransportClient$$Lambda/0x000002a7313f5af8
17:55:26.233 [main] INFO  c.a.n.c.r.client - [printIfInfoEnabled,63] - [24146e60-cb21-4f13-9b59-141e1c392455_config-0] Registry connection listener to current client:com.alibaba.nacos.client.config.impl.ClientWorker$ConfigRpcTransportClient$1
17:55:26.234 [main] INFO  c.a.n.c.r.client - [printIfInfoEnabled,63] - [24146e60-cb21-4f13-9b59-141e1c392455_config-0] RpcClient init, ServerListFactory = com.alibaba.nacos.client.config.impl.ClientWorker$ConfigRpcTransportClient$2
17:55:26.239 [main] INFO  c.a.n.c.r.client - [printIfInfoEnabled,63] - [24146e60-cb21-4f13-9b59-141e1c392455_config-0] Try to connect to server on start up, server: {serverIp = '123.207.35.9', server main port = 8848}
17:55:26.260 [main] INFO  c.a.n.c.r.c.g.GrpcClient - [createNewManagedChannel,210] - grpc client connection server:123.207.35.9 ip,serverPort:9848,grpcTslConfig:{"sslProvider":"","enableTls":false,"mutualAuthEnable":false,"trustAll":false}
17:55:26.811 [main] INFO  c.a.n.c.a.AbstractAbilityControlManager - [initAbilityTable,61] - Ready to get current node abilities...
17:55:26.812 [main] INFO  c.a.n.c.a.AbstractAbilityControlManager - [initAbilityTable,89] - Ready to initialize current node abilities, support modes: [SDK_CLIENT]
17:55:26.813 [main] INFO  c.a.n.c.a.AbstractAbilityControlManager - [initAbilityTable,94] - Initialize current abilities finish...
17:55:26.813 [main] INFO  c.a.n.c.a.d.NacosAbilityManagerHolder - [initAbilityControlManager,85] - [AbilityControlManager] Successfully initialize AbilityControlManager
17:55:26.926 [main] INFO  c.a.n.c.r.client - [printIfInfoEnabled,63] - [24146e60-cb21-4f13-9b59-141e1c392455_config-0] Success to connect to server [123.207.35.9:8848] on start up, connectionId = 1715075704630_113.118.188.154_62946
17:55:26.927 [com.alibaba.nacos.client.remote.worker.0] INFO  c.a.n.c.r.client - [printIfInfoEnabled,63] - [24146e60-cb21-4f13-9b59-141e1c392455_config-0] Notify connected event to listeners.
17:55:26.928 [main] INFO  c.a.n.c.r.client - [printIfInfoEnabled,63] - [24146e60-cb21-4f13-9b59-141e1c392455_config-0] Register server push request handler:com.alibaba.nacos.common.remote.client.RpcClient$ConnectResetRequestHandler
17:55:26.928 [com.alibaba.nacos.client.remote.worker.0] INFO  c.a.n.c.c.i.ClientWorker - [onConnected,713] - [24146e60-cb21-4f13-9b59-141e1c392455_config-0] Connected,notify listen context...
17:55:26.928 [main] INFO  c.a.n.c.r.client - [printIfInfoEnabled,63] - [24146e60-cb21-4f13-9b59-141e1c392455_config-0] Register server push request handler:com.alibaba.nacos.common.remote.client.RpcClient$$Lambda/0x000002a73152f9a0
17:55:26.993 [main] INFO  c.a.n.c.c.u.JvmUtil - [init,59] - isMultiInstance:false
17:55:27.065 [main] INFO  c.v.g.RuoYiGatewayApplication - [logStartupProfileInfo,660] - The following 1 profile is active: "dev"
17:55:31.256 [main] INFO  c.a.n.client.naming - [initNamespaceForNaming,62] - initializer namespace from ans.namespace attribute : null
17:55:31.257 [main] INFO  c.a.n.client.naming - [lambda$initNamespaceForNaming$0,66] - initializer namespace from ALIBABA_ALIWARE_NAMESPACE attribute :null
17:55:31.258 [main] INFO  c.a.n.client.naming - [lambda$initNamespaceForNaming$1,73] - initializer namespace from namespace attribute :null
17:55:31.263 [main] INFO  c.a.n.client.naming - [<init>,74] - FailoverDataSource type is class com.alibaba.nacos.client.naming.backups.datasource.DiskFailoverDataSource
17:55:31.266 [main] INFO  c.a.n.p.a.s.c.ClientAuthPluginManager - [init,56] - [ClientAuthPluginManager] Load ClientAuthService com.alibaba.nacos.client.auth.impl.NacosClientAuthServiceImpl success.
17:55:31.266 [main] INFO  c.a.n.p.a.s.c.ClientAuthPluginManager - [init,56] - [ClientAuthPluginManager] Load ClientAuthService com.alibaba.nacos.client.auth.ram.RamClientAuthServiceImpl success.
17:55:31.376 [main] INFO  c.a.n.c.r.client - [lambda$createClient$0,118] - [RpcClientFactory] create a new rpc client of 03df1716-6b60-4150-8bf7-1de6983834f3
17:55:31.380 [main] INFO  c.a.n.client.naming - [<init>,109] - Create naming rpc client for uuid->03df1716-6b60-4150-8bf7-1de6983834f3
17:55:31.381 [main] INFO  c.a.n.c.r.client - [printIfInfoEnabled,63] - [03df1716-6b60-4150-8bf7-1de6983834f3] RpcClient init, ServerListFactory = com.alibaba.nacos.client.naming.core.ServerListManager
17:55:31.381 [main] INFO  c.a.n.c.r.client - [printIfInfoEnabled,63] - [03df1716-6b60-4150-8bf7-1de6983834f3] Registry connection listener to current client:com.alibaba.nacos.client.naming.remote.gprc.redo.NamingGrpcRedoService
17:55:31.382 [main] INFO  c.a.n.c.r.client - [printIfInfoEnabled,63] - [03df1716-6b60-4150-8bf7-1de6983834f3] Register server push request handler:com.alibaba.nacos.client.naming.remote.gprc.NamingPushRequestHandler
17:55:31.382 [main] INFO  c.a.n.c.r.client - [printIfInfoEnabled,63] - [03df1716-6b60-4150-8bf7-1de6983834f3] Try to connect to server on start up, server: {serverIp = '123.207.35.9', server main port = 8848}
17:55:31.383 [main] INFO  c.a.n.c.r.c.g.GrpcClient - [createNewManagedChannel,210] - grpc client connection server:123.207.35.9 ip,serverPort:9848,grpcTslConfig:{"sslProvider":"","enableTls":false,"mutualAuthEnable":false,"trustAll":false}
17:55:31.540 [main] INFO  c.a.n.c.r.client - [printIfInfoEnabled,63] - [03df1716-6b60-4150-8bf7-1de6983834f3] Success to connect to server [123.207.35.9:8848] on start up, connectionId = 1715075709296_113.118.188.154_62949
17:55:31.540 [main] INFO  c.a.n.c.r.client - [printIfInfoEnabled,63] - [03df1716-6b60-4150-8bf7-1de6983834f3] Register server push request handler:com.alibaba.nacos.common.remote.client.RpcClient$ConnectResetRequestHandler
17:55:31.541 [com.alibaba.nacos.client.remote.worker.0] INFO  c.a.n.c.r.client - [printIfInfoEnabled,63] - [03df1716-6b60-4150-8bf7-1de6983834f3] Notify connected event to listeners.
17:55:31.541 [main] INFO  c.a.n.c.r.client - [printIfInfoEnabled,63] - [03df1716-6b60-4150-8bf7-1de6983834f3] Register server push request handler:com.alibaba.nacos.common.remote.client.RpcClient$$Lambda/0x000002a73152f9a0
17:55:31.541 [com.alibaba.nacos.client.remote.worker.0] INFO  c.a.n.client.naming - [onConnected,90] - Grpc connection connect
17:55:31.542 [main] INFO  c.a.n.client.naming - [registerService,133] - [REGISTER-SERVICE] public registering service gateway-login with instance Instance{instanceId='null', ip='172.30.20.31', port=16001, weight=1.0, healthy=true, enabled=true, ephemeral=true, clusterName='DEFAULT', serviceName='null', metadata={IPv6=null, preserved.register.source=SPRING_CLOUD}}
17:55:31.573 [main] INFO  c.a.c.n.r.NacosServiceRegistry - [register,76] - nacos registry, SERVICE-GROUP gateway-login 172.30.20.31:16001 register finished
17:55:31.675 [main] INFO  c.v.g.RuoYiGatewayApplication - [logStarted,56] - Started RuoYiGatewayApplication in 6.623 seconds (process running for 7.592)
17:55:31.682 [main] INFO  c.a.n.c.c.i.CacheData - [initNotifyWarnTimeout,72] - config listener notify warn timeout millis use default 60000 millis 
17:55:31.683 [main] INFO  c.a.n.c.c.i.CacheData - [<clinit>,99] - nacos.cache.data.init.snapshot = true 
17:55:31.683 [main] INFO  c.a.n.c.c.i.ClientWorker - [addCacheDataIfAbsent,416] - [fixed-123.207.35.9_8848] [subscribe] gateway-login.yml+SERVICE-GROUP
17:55:31.694 [main] INFO  c.a.n.c.c.i.CacheData - [addListener,236] - [fixed-123.207.35.9_8848] [add-listener] ok, tenant=, dataId=gateway-login.yml, group=SERVICE-GROUP, cnt=1
17:55:31.695 [main] INFO  c.a.c.n.r.NacosContextRefresher - [registerNacosListener,131] - [Nacos Config] Listening config: dataId=gateway-login.yml, group=SERVICE-GROUP
17:55:31.696 [main] INFO  c.a.n.c.c.i.ClientWorker - [addCacheDataIfAbsent,416] - [fixed-123.207.35.9_8848] [subscribe] gateway-login+SERVICE-GROUP
17:55:31.696 [main] INFO  c.a.n.c.c.i.CacheData - [addListener,236] - [fixed-123.207.35.9_8848] [add-listener] ok, tenant=, dataId=gateway-login, group=SERVICE-GROUP, cnt=1
17:55:31.696 [main] INFO  c.a.c.n.r.NacosContextRefresher - [registerNacosListener,131] - [Nacos Config] Listening config: dataId=gateway-login, group=SERVICE-GROUP
17:55:31.697 [main] INFO  c.a.n.c.c.i.ClientWorker - [addCacheDataIfAbsent,416] - [fixed-123.207.35.9_8848] [subscribe] gateway-login-dev.yml+SERVICE-GROUP
17:55:31.697 [main] INFO  c.a.n.c.c.i.CacheData - [addListener,236] - [fixed-123.207.35.9_8848] [add-listener] ok, tenant=, dataId=gateway-login-dev.yml, group=SERVICE-GROUP, cnt=1
17:55:31.697 [main] INFO  c.a.c.n.r.NacosContextRefresher - [registerNacosListener,131] - [Nacos Config] Listening config: dataId=gateway-login-dev.yml, group=SERVICE-GROUP
18:03:07.682 [SpringApplicationShutdownHook] INFO  c.a.c.n.r.NacosServiceRegistry - [deregister,95] - De-registering from Nacos Server now...
18:03:07.682 [SpringApplicationShutdownHook] INFO  c.a.n.client.naming - [deregisterService,272] - [DEREGISTER-SERVICE] public deregistering service gateway-login with instance: Instance{instanceId='null', ip='172.30.20.31', port=16001, weight=1.0, healthy=true, enabled=true, ephemeral=true, clusterName='DEFAULT', serviceName='null', metadata={}}
18:03:07.702 [SpringApplicationShutdownHook] INFO  c.a.c.n.r.NacosServiceRegistry - [deregister,115] - De-registration finished.
18:03:07.703 [SpringApplicationShutdownHook] INFO  c.a.n.client.naming - [shutdown,254] - com.alibaba.nacos.client.naming.cache.ServiceInfoHolder do shutdown begin
18:03:07.703 [SpringApplicationShutdownHook] INFO  c.a.n.client.naming - [shutdown,180] - com.alibaba.nacos.client.naming.backups.FailoverReactor do shutdown begin
18:03:07.703 [SpringApplicationShutdownHook] INFO  c.a.n.client.naming - [shutdown,182] - com.alibaba.nacos.client.naming.backups.FailoverReactor do shutdown stop
18:03:07.703 [SpringApplicationShutdownHook] INFO  c.a.n.client.naming - [shutdown,256] - com.alibaba.nacos.client.naming.cache.ServiceInfoHolder do shutdown stop
18:03:07.704 [SpringApplicationShutdownHook] INFO  c.a.n.client.naming - [shutdown,204] - com.alibaba.nacos.client.naming.remote.NamingClientProxyDelegate do shutdown begin
18:03:07.704 [SpringApplicationShutdownHook] INFO  c.a.n.client.naming - [shutdown,147] - com.alibaba.nacos.client.naming.core.ServiceInfoUpdateService do shutdown begin
18:03:07.704 [SpringApplicationShutdownHook] INFO  c.a.n.client.naming - [shutdown,149] - com.alibaba.nacos.client.naming.core.ServiceInfoUpdateService do shutdown stop
18:03:07.704 [SpringApplicationShutdownHook] INFO  c.a.n.client.naming - [shutdown,218] - com.alibaba.nacos.client.naming.core.ServerListManager do shutdown begin
18:03:07.704 [SpringApplicationShutdownHook] INFO  c.a.n.client.naming - [shutdown,223] - com.alibaba.nacos.client.naming.core.ServerListManager do shutdown stop
18:03:07.704 [SpringApplicationShutdownHook] INFO  c.a.n.client.naming - [shutdown,468] - com.alibaba.nacos.client.naming.remote.http.NamingHttpClientProxy do shutdown begin
18:03:07.704 [SpringApplicationShutdownHook] INFO  c.a.n.client.naming - [shutdown,470] - com.alibaba.nacos.client.naming.remote.http.NamingHttpClientProxy do shutdown stop
18:03:07.704 [SpringApplicationShutdownHook] INFO  c.a.n.client.naming - [shutdown,487] - Shutdown naming grpc client proxy for  uuid->03df1716-6b60-4150-8bf7-1de6983834f3
18:03:07.705 [SpringApplicationShutdownHook] INFO  c.a.n.client.naming - [shutdown,331] - Shutdown grpc redo service executor java.util.concurrent.ScheduledThreadPoolExecutor@306a9cd8[Running, pool size = 1, active threads = 0, queued tasks = 1, completed tasks = 146]
18:03:07.705 [SpringApplicationShutdownHook] INFO  c.a.n.c.r.client - [shutdown,425] - Shutdown rpc client, set status to shutdown
18:03:07.705 [SpringApplicationShutdownHook] INFO  c.a.n.c.r.client - [shutdown,427] - Shutdown client event executor java.util.concurrent.ScheduledThreadPoolExecutor@62cbe18c[Running, pool size = 2, active threads = 2, queued tasks = 0, completed tasks = 0]
18:03:07.705 [SpringApplicationShutdownHook] INFO  c.a.n.c.r.client - [closeConnection,584] - Close current connection 1715075709296_113.118.188.154_62949
18:03:07.708 [SpringApplicationShutdownHook] INFO  c.a.n.c.r.c.g.GrpcClient - [shutdown,187] - Shutdown grpc executor java.util.concurrent.ThreadPoolExecutor@1bff4b1f[Running, pool size = 4, active threads = 0, queued tasks = 0, completed tasks = 103]
18:03:07.708 [SpringApplicationShutdownHook] INFO  c.a.n.client.naming - [shutDownAndRemove,497] - shutdown and remove naming rpc client  for uuid ->03df1716-6b60-4150-8bf7-1de6983834f3
18:03:07.709 [SpringApplicationShutdownHook] INFO  c.a.n.c.a.r.i.CredentialWatcher - [stop,107] - [null] CredentialWatcher is stopped
18:03:07.709 [SpringApplicationShutdownHook] INFO  c.a.n.c.a.r.i.CredentialService - [free,91] - [null] CredentialService is freed
18:03:07.709 [SpringApplicationShutdownHook] INFO  c.a.n.client.naming - [shutdown,211] - com.alibaba.nacos.client.naming.remote.NamingClientProxyDelegate do shutdown stop
18:03:10.443 [background-preinit] INFO  o.h.v.i.util.Version - [<clinit>,21] - HV000001: Hibernate Validator 8.0.1.Final
18:03:10.776 [main] INFO  c.a.n.c.u.ParamUtil - [<clinit>,89] - [settings] [req-serv] nacos-server port:8848
18:03:10.776 [main] INFO  c.a.n.c.u.ParamUtil - [<clinit>,92] - [settings] [http-client] connect timeout:1000
18:03:10.778 [main] INFO  c.a.n.c.u.ParamUtil - [<clinit>,97] - PER_TASK_CONFIG_SIZE: 3000.0
18:03:10.780 [Thread-1] INFO  c.a.n.c.a.r.i.CredentialWatcher - [loadCredentialFromEnv,189] - null No credential found
18:03:10.799 [main] INFO  c.a.n.common.labels - [getLabels,48] - DefaultLabelsCollectorManager get labels.....
18:03:10.799 [main] INFO  c.a.n.common.labels - [getLabels,62] - Process LabelsCollector with [name:defaultNacosLabelsCollector]
18:03:10.799 [main] INFO  c.a.n.common.labels - [collectLabels,62] - default nacos collect properties raw labels: null
18:03:10.800 [main] INFO  c.a.n.common.labels - [collectLabels,69] - default nacos collect properties labels: {}
18:03:10.800 [main] INFO  c.a.n.common.labels - [collectLabels,72] - default nacos collect jvm raw labels: null
18:03:10.800 [main] INFO  c.a.n.common.labels - [collectLabels,78] - default nacos collect jvm labels: {}
18:03:10.800 [main] INFO  c.a.n.common.labels - [collectLabels,81] - default nacos collect env raw labels: null
18:03:10.801 [main] INFO  c.a.n.common.labels - [collectLabels,89] - default nacos collect env labels: {}
18:03:10.801 [main] INFO  c.a.n.common.labels - [getLabels,50] - DefaultLabelsCollectorManager get labels finished,labels :{}
18:03:10.808 [main] INFO  c.a.n.p.a.s.c.ClientAuthPluginManager - [init,56] - [ClientAuthPluginManager] Load ClientAuthService com.alibaba.nacos.client.auth.impl.NacosClientAuthServiceImpl success.
18:03:10.808 [main] INFO  c.a.n.p.a.s.c.ClientAuthPluginManager - [init,56] - [ClientAuthPluginManager] Load ClientAuthService com.alibaba.nacos.client.auth.ram.RamClientAuthServiceImpl success.
18:03:10.843 [main] INFO  c.a.n.c.c.i.Limiter - [<clinit>,55] - limitTime:5.0
18:03:11.148 [main] INFO  c.a.n.c.c.i.LocalConfigInfoProcessor - [<clinit>,65] - LOCAL_SNAPSHOT_PATH:C:\Users\Administrator\nacos\config
18:03:11.151 [main] INFO  c.a.n.c.r.client - [lambda$createClient$0,118] - [RpcClientFactory] create a new rpc client of f8ed0a02-8034-457e-a55e-5a4025844b57_config-0
18:03:11.170 [main] INFO  c.a.n.c.r.client - [printIfInfoEnabled,63] - [f8ed0a02-8034-457e-a55e-5a4025844b57_config-0] Register server push request handler:com.alibaba.nacos.client.config.impl.ClientWorker$ConfigRpcTransportClient$$Lambda/0x00000290813f5b50
18:03:11.171 [main] INFO  c.a.n.c.r.client - [printIfInfoEnabled,63] - [f8ed0a02-8034-457e-a55e-5a4025844b57_config-0] Register server push request handler:com.alibaba.nacos.client.config.impl.ClientWorker$ConfigRpcTransportClient$$Lambda/0x00000290813f5f70
18:03:11.172 [main] INFO  c.a.n.c.r.client - [printIfInfoEnabled,63] - [f8ed0a02-8034-457e-a55e-5a4025844b57_config-0] Registry connection listener to current client:com.alibaba.nacos.client.config.impl.ClientWorker$ConfigRpcTransportClient$1
18:03:11.172 [main] INFO  c.a.n.c.r.client - [printIfInfoEnabled,63] - [f8ed0a02-8034-457e-a55e-5a4025844b57_config-0] RpcClient init, ServerListFactory = com.alibaba.nacos.client.config.impl.ClientWorker$ConfigRpcTransportClient$2
18:03:11.178 [main] INFO  c.a.n.c.r.client - [printIfInfoEnabled,63] - [f8ed0a02-8034-457e-a55e-5a4025844b57_config-0] Try to connect to server on start up, server: {serverIp = '123.207.35.9', server main port = 8848}
18:03:11.199 [main] INFO  c.a.n.c.r.c.g.GrpcClient - [createNewManagedChannel,210] - grpc client connection server:123.207.35.9 ip,serverPort:9848,grpcTslConfig:{"sslProvider":"","enableTls":false,"mutualAuthEnable":false,"trustAll":false}
18:03:11.767 [main] INFO  c.a.n.c.a.AbstractAbilityControlManager - [initAbilityTable,61] - Ready to get current node abilities...
18:03:11.769 [main] INFO  c.a.n.c.a.AbstractAbilityControlManager - [initAbilityTable,89] - Ready to initialize current node abilities, support modes: [SDK_CLIENT]
18:03:11.769 [main] INFO  c.a.n.c.a.AbstractAbilityControlManager - [initAbilityTable,94] - Initialize current abilities finish...
18:03:11.770 [main] INFO  c.a.n.c.a.d.NacosAbilityManagerHolder - [initAbilityControlManager,85] - [AbilityControlManager] Successfully initialize AbilityControlManager
18:03:11.884 [main] INFO  c.a.n.c.r.client - [printIfInfoEnabled,63] - [f8ed0a02-8034-457e-a55e-5a4025844b57_config-0] Success to connect to server [123.207.35.9:8848] on start up, connectionId = 1715076169581_113.118.188.154_63117
18:03:11.885 [com.alibaba.nacos.client.remote.worker.0] INFO  c.a.n.c.r.client - [printIfInfoEnabled,63] - [f8ed0a02-8034-457e-a55e-5a4025844b57_config-0] Notify connected event to listeners.
18:03:11.885 [com.alibaba.nacos.client.remote.worker.0] INFO  c.a.n.c.c.i.ClientWorker - [onConnected,713] - [f8ed0a02-8034-457e-a55e-5a4025844b57_config-0] Connected,notify listen context...
18:03:11.885 [main] INFO  c.a.n.c.r.client - [printIfInfoEnabled,63] - [f8ed0a02-8034-457e-a55e-5a4025844b57_config-0] Register server push request handler:com.alibaba.nacos.common.remote.client.RpcClient$ConnectResetRequestHandler
18:03:11.886 [main] INFO  c.a.n.c.r.client - [printIfInfoEnabled,63] - [f8ed0a02-8034-457e-a55e-5a4025844b57_config-0] Register server push request handler:com.alibaba.nacos.common.remote.client.RpcClient$$Lambda/0x0000029081530668
18:03:11.944 [main] INFO  c.a.n.c.c.u.JvmUtil - [init,59] - isMultiInstance:false
18:03:12.028 [main] INFO  c.v.g.RuoYiGatewayApplication - [logStartupProfileInfo,660] - The following 1 profile is active: "dev"
18:03:15.983 [main] INFO  c.a.n.client.naming - [initNamespaceForNaming,62] - initializer namespace from ans.namespace attribute : null
18:03:15.984 [main] INFO  c.a.n.client.naming - [lambda$initNamespaceForNaming$0,66] - initializer namespace from ALIBABA_ALIWARE_NAMESPACE attribute :null
18:03:15.984 [main] INFO  c.a.n.client.naming - [lambda$initNamespaceForNaming$1,73] - initializer namespace from namespace attribute :null
18:03:15.989 [main] INFO  c.a.n.client.naming - [<init>,74] - FailoverDataSource type is class com.alibaba.nacos.client.naming.backups.datasource.DiskFailoverDataSource
18:03:15.995 [main] INFO  c.a.n.p.a.s.c.ClientAuthPluginManager - [init,56] - [ClientAuthPluginManager] Load ClientAuthService com.alibaba.nacos.client.auth.impl.NacosClientAuthServiceImpl success.
18:03:15.996 [main] INFO  c.a.n.p.a.s.c.ClientAuthPluginManager - [init,56] - [ClientAuthPluginManager] Load ClientAuthService com.alibaba.nacos.client.auth.ram.RamClientAuthServiceImpl success.
18:03:16.101 [main] INFO  c.a.n.c.r.client - [lambda$createClient$0,118] - [RpcClientFactory] create a new rpc client of abc82db8-04a9-42b5-ac0f-d564b71e2612
18:03:16.104 [main] INFO  c.a.n.client.naming - [<init>,109] - Create naming rpc client for uuid->abc82db8-04a9-42b5-ac0f-d564b71e2612
18:03:16.104 [main] INFO  c.a.n.c.r.client - [printIfInfoEnabled,63] - [abc82db8-04a9-42b5-ac0f-d564b71e2612] RpcClient init, ServerListFactory = com.alibaba.nacos.client.naming.core.ServerListManager
18:03:16.104 [main] INFO  c.a.n.c.r.client - [printIfInfoEnabled,63] - [abc82db8-04a9-42b5-ac0f-d564b71e2612] Registry connection listener to current client:com.alibaba.nacos.client.naming.remote.gprc.redo.NamingGrpcRedoService
18:03:16.105 [main] INFO  c.a.n.c.r.client - [printIfInfoEnabled,63] - [abc82db8-04a9-42b5-ac0f-d564b71e2612] Register server push request handler:com.alibaba.nacos.client.naming.remote.gprc.NamingPushRequestHandler
18:03:16.105 [main] INFO  c.a.n.c.r.client - [printIfInfoEnabled,63] - [abc82db8-04a9-42b5-ac0f-d564b71e2612] Try to connect to server on start up, server: {serverIp = '123.207.35.9', server main port = 8848}
18:03:16.105 [main] INFO  c.a.n.c.r.c.g.GrpcClient - [createNewManagedChannel,210] - grpc client connection server:123.207.35.9 ip,serverPort:9848,grpcTslConfig:{"sslProvider":"","enableTls":false,"mutualAuthEnable":false,"trustAll":false}
18:03:16.256 [main] INFO  c.a.n.c.r.client - [printIfInfoEnabled,63] - [abc82db8-04a9-42b5-ac0f-d564b71e2612] Success to connect to server [123.207.35.9:8848] on start up, connectionId = 1715076174011_113.118.188.154_63121
18:03:16.256 [main] INFO  c.a.n.c.r.client - [printIfInfoEnabled,63] - [abc82db8-04a9-42b5-ac0f-d564b71e2612] Register server push request handler:com.alibaba.nacos.common.remote.client.RpcClient$ConnectResetRequestHandler
18:03:16.256 [com.alibaba.nacos.client.remote.worker.0] INFO  c.a.n.c.r.client - [printIfInfoEnabled,63] - [abc82db8-04a9-42b5-ac0f-d564b71e2612] Notify connected event to listeners.
18:03:16.256 [main] INFO  c.a.n.c.r.client - [printIfInfoEnabled,63] - [abc82db8-04a9-42b5-ac0f-d564b71e2612] Register server push request handler:com.alibaba.nacos.common.remote.client.RpcClient$$Lambda/0x0000029081530668
18:03:16.257 [com.alibaba.nacos.client.remote.worker.0] INFO  c.a.n.client.naming - [onConnected,90] - Grpc connection connect
18:03:16.258 [main] INFO  c.a.n.client.naming - [registerService,133] - [REGISTER-SERVICE] public registering service gateway-login with instance Instance{instanceId='null', ip='172.30.20.31', port=16001, weight=1.0, healthy=true, enabled=true, ephemeral=true, clusterName='DEFAULT', serviceName='null', metadata={IPv6=null, preserved.register.source=SPRING_CLOUD}}
18:03:16.289 [main] INFO  c.a.c.n.r.NacosServiceRegistry - [register,76] - nacos registry, SERVICE-GROUP gateway-login 172.30.20.31:16001 register finished
18:03:16.353 [main] INFO  c.v.g.RuoYiGatewayApplication - [logStarted,56] - Started RuoYiGatewayApplication in 6.356 seconds (process running for 7.431)
18:03:16.357 [main] INFO  c.a.n.c.c.i.CacheData - [initNotifyWarnTimeout,72] - config listener notify warn timeout millis use default 60000 millis 
18:03:16.357 [main] INFO  c.a.n.c.c.i.CacheData - [<clinit>,99] - nacos.cache.data.init.snapshot = true 
18:03:16.357 [main] INFO  c.a.n.c.c.i.ClientWorker - [addCacheDataIfAbsent,416] - [fixed-123.207.35.9_8848] [subscribe] gateway-login.yml+SERVICE-GROUP
18:03:16.379 [main] INFO  c.a.n.c.c.i.CacheData - [addListener,236] - [fixed-123.207.35.9_8848] [add-listener] ok, tenant=, dataId=gateway-login.yml, group=SERVICE-GROUP, cnt=1
18:03:16.379 [main] INFO  c.a.c.n.r.NacosContextRefresher - [registerNacosListener,131] - [Nacos Config] Listening config: dataId=gateway-login.yml, group=SERVICE-GROUP
18:03:16.379 [main] INFO  c.a.n.c.c.i.ClientWorker - [addCacheDataIfAbsent,416] - [fixed-123.207.35.9_8848] [subscribe] gateway-login+SERVICE-GROUP
18:03:16.380 [main] INFO  c.a.n.c.c.i.CacheData - [addListener,236] - [fixed-123.207.35.9_8848] [add-listener] ok, tenant=, dataId=gateway-login, group=SERVICE-GROUP, cnt=1
18:03:16.380 [main] INFO  c.a.c.n.r.NacosContextRefresher - [registerNacosListener,131] - [Nacos Config] Listening config: dataId=gateway-login, group=SERVICE-GROUP
18:03:16.381 [main] INFO  c.a.n.c.c.i.ClientWorker - [addCacheDataIfAbsent,416] - [fixed-123.207.35.9_8848] [subscribe] gateway-login-dev.yml+SERVICE-GROUP
18:03:16.381 [main] INFO  c.a.n.c.c.i.CacheData - [addListener,236] - [fixed-123.207.35.9_8848] [add-listener] ok, tenant=, dataId=gateway-login-dev.yml, group=SERVICE-GROUP, cnt=1
18:03:16.381 [main] INFO  c.a.c.n.r.NacosContextRefresher - [registerNacosListener,131] - [Nacos Config] Listening config: dataId=gateway-login-dev.yml, group=SERVICE-GROUP
18:05:34.295 [SpringApplicationShutdownHook] INFO  c.a.c.n.r.NacosServiceRegistry - [deregister,95] - De-registering from Nacos Server now...
18:05:34.296 [SpringApplicationShutdownHook] INFO  c.a.n.client.naming - [deregisterService,272] - [DEREGISTER-SERVICE] public deregistering service gateway-login with instance: Instance{instanceId='null', ip='172.30.20.31', port=16001, weight=1.0, healthy=true, enabled=true, ephemeral=true, clusterName='DEFAULT', serviceName='null', metadata={}}
18:05:34.316 [SpringApplicationShutdownHook] INFO  c.a.c.n.r.NacosServiceRegistry - [deregister,115] - De-registration finished.
18:05:34.317 [SpringApplicationShutdownHook] INFO  c.a.n.client.naming - [shutdown,254] - com.alibaba.nacos.client.naming.cache.ServiceInfoHolder do shutdown begin
18:05:34.318 [SpringApplicationShutdownHook] INFO  c.a.n.client.naming - [shutdown,180] - com.alibaba.nacos.client.naming.backups.FailoverReactor do shutdown begin
18:05:34.318 [SpringApplicationShutdownHook] INFO  c.a.n.client.naming - [shutdown,182] - com.alibaba.nacos.client.naming.backups.FailoverReactor do shutdown stop
18:05:34.318 [SpringApplicationShutdownHook] INFO  c.a.n.client.naming - [shutdown,256] - com.alibaba.nacos.client.naming.cache.ServiceInfoHolder do shutdown stop
18:05:34.318 [SpringApplicationShutdownHook] INFO  c.a.n.client.naming - [shutdown,204] - com.alibaba.nacos.client.naming.remote.NamingClientProxyDelegate do shutdown begin
18:05:34.319 [SpringApplicationShutdownHook] INFO  c.a.n.client.naming - [shutdown,147] - com.alibaba.nacos.client.naming.core.ServiceInfoUpdateService do shutdown begin
18:05:34.319 [SpringApplicationShutdownHook] INFO  c.a.n.client.naming - [shutdown,149] - com.alibaba.nacos.client.naming.core.ServiceInfoUpdateService do shutdown stop
18:05:34.319 [SpringApplicationShutdownHook] INFO  c.a.n.client.naming - [shutdown,218] - com.alibaba.nacos.client.naming.core.ServerListManager do shutdown begin
18:05:34.319 [SpringApplicationShutdownHook] INFO  c.a.n.client.naming - [shutdown,223] - com.alibaba.nacos.client.naming.core.ServerListManager do shutdown stop
18:05:34.319 [SpringApplicationShutdownHook] INFO  c.a.n.client.naming - [shutdown,468] - com.alibaba.nacos.client.naming.remote.http.NamingHttpClientProxy do shutdown begin
18:05:34.320 [SpringApplicationShutdownHook] INFO  c.a.n.client.naming - [shutdown,470] - com.alibaba.nacos.client.naming.remote.http.NamingHttpClientProxy do shutdown stop
18:05:34.320 [SpringApplicationShutdownHook] INFO  c.a.n.client.naming - [shutdown,487] - Shutdown naming grpc client proxy for  uuid->abc82db8-04a9-42b5-ac0f-d564b71e2612
18:05:34.320 [SpringApplicationShutdownHook] INFO  c.a.n.client.naming - [shutdown,331] - Shutdown grpc redo service executor java.util.concurrent.ScheduledThreadPoolExecutor@7048d039[Running, pool size = 1, active threads = 0, queued tasks = 1, completed tasks = 43]
18:05:34.320 [SpringApplicationShutdownHook] INFO  c.a.n.c.r.client - [shutdown,425] - Shutdown rpc client, set status to shutdown
18:05:34.320 [SpringApplicationShutdownHook] INFO  c.a.n.c.r.client - [shutdown,427] - Shutdown client event executor java.util.concurrent.ScheduledThreadPoolExecutor@16021f6e[Running, pool size = 2, active threads = 2, queued tasks = 0, completed tasks = 0]
18:05:34.321 [SpringApplicationShutdownHook] INFO  c.a.n.c.r.client - [closeConnection,584] - Close current connection 1715076174011_113.118.188.154_63121
18:05:34.327 [SpringApplicationShutdownHook] INFO  c.a.n.c.r.c.g.GrpcClient - [shutdown,187] - Shutdown grpc executor java.util.concurrent.ThreadPoolExecutor@6d810e94[Running, pool size = 5, active threads = 0, queued tasks = 0, completed tasks = 44]
18:05:34.327 [SpringApplicationShutdownHook] INFO  c.a.n.client.naming - [shutDownAndRemove,497] - shutdown and remove naming rpc client  for uuid ->abc82db8-04a9-42b5-ac0f-d564b71e2612
18:05:34.327 [SpringApplicationShutdownHook] INFO  c.a.n.c.a.r.i.CredentialWatcher - [stop,107] - [null] CredentialWatcher is stopped
18:05:34.328 [SpringApplicationShutdownHook] INFO  c.a.n.c.a.r.i.CredentialService - [free,91] - [null] CredentialService is freed
18:05:34.328 [SpringApplicationShutdownHook] INFO  c.a.n.client.naming - [shutdown,211] - com.alibaba.nacos.client.naming.remote.NamingClientProxyDelegate do shutdown stop
18:05:39.931 [background-preinit] INFO  o.h.v.i.util.Version - [<clinit>,21] - HV000001: Hibernate Validator 8.0.1.Final
18:05:40.262 [main] INFO  c.a.n.c.u.ParamUtil - [<clinit>,89] - [settings] [req-serv] nacos-server port:8848
18:05:40.262 [main] INFO  c.a.n.c.u.ParamUtil - [<clinit>,92] - [settings] [http-client] connect timeout:1000
18:05:40.264 [main] INFO  c.a.n.c.u.ParamUtil - [<clinit>,97] - PER_TASK_CONFIG_SIZE: 3000.0
18:05:40.266 [Thread-1] INFO  c.a.n.c.a.r.i.CredentialWatcher - [loadCredentialFromEnv,189] - null No credential found
18:05:40.286 [main] INFO  c.a.n.common.labels - [getLabels,48] - DefaultLabelsCollectorManager get labels.....
18:05:40.286 [main] INFO  c.a.n.common.labels - [getLabels,62] - Process LabelsCollector with [name:defaultNacosLabelsCollector]
18:05:40.286 [main] INFO  c.a.n.common.labels - [collectLabels,62] - default nacos collect properties raw labels: null
18:05:40.287 [main] INFO  c.a.n.common.labels - [collectLabels,69] - default nacos collect properties labels: {}
18:05:40.288 [main] INFO  c.a.n.common.labels - [collectLabels,72] - default nacos collect jvm raw labels: null
18:05:40.294 [main] INFO  c.a.n.common.labels - [collectLabels,78] - default nacos collect jvm labels: {}
18:05:40.295 [main] INFO  c.a.n.common.labels - [collectLabels,81] - default nacos collect env raw labels: null
18:05:40.295 [main] INFO  c.a.n.common.labels - [collectLabels,89] - default nacos collect env labels: {}
18:05:40.296 [main] INFO  c.a.n.common.labels - [getLabels,50] - DefaultLabelsCollectorManager get labels finished,labels :{}
18:05:40.303 [main] INFO  c.a.n.p.a.s.c.ClientAuthPluginManager - [init,56] - [ClientAuthPluginManager] Load ClientAuthService com.alibaba.nacos.client.auth.impl.NacosClientAuthServiceImpl success.
18:05:40.304 [main] INFO  c.a.n.p.a.s.c.ClientAuthPluginManager - [init,56] - [ClientAuthPluginManager] Load ClientAuthService com.alibaba.nacos.client.auth.ram.RamClientAuthServiceImpl success.
18:05:40.336 [main] INFO  c.a.n.c.c.i.Limiter - [<clinit>,55] - limitTime:5.0
18:05:40.630 [main] INFO  c.a.n.c.c.i.LocalConfigInfoProcessor - [<clinit>,65] - LOCAL_SNAPSHOT_PATH:C:\Users\Administrator\nacos\config
18:05:40.634 [main] INFO  c.a.n.c.r.client - [lambda$createClient$0,118] - [RpcClientFactory] create a new rpc client of 39ed25f3-fd17-4d4a-bb58-dde7591e1cd9_config-0
18:05:40.653 [main] INFO  c.a.n.c.r.client - [printIfInfoEnabled,63] - [39ed25f3-fd17-4d4a-bb58-dde7591e1cd9_config-0] Register server push request handler:com.alibaba.nacos.client.config.impl.ClientWorker$ConfigRpcTransportClient$$Lambda/0x0000020e013f51a0
18:05:40.653 [main] INFO  c.a.n.c.r.client - [printIfInfoEnabled,63] - [39ed25f3-fd17-4d4a-bb58-dde7591e1cd9_config-0] Register server push request handler:com.alibaba.nacos.client.config.impl.ClientWorker$ConfigRpcTransportClient$$Lambda/0x0000020e013f55c0
18:05:40.654 [main] INFO  c.a.n.c.r.client - [printIfInfoEnabled,63] - [39ed25f3-fd17-4d4a-bb58-dde7591e1cd9_config-0] Registry connection listener to current client:com.alibaba.nacos.client.config.impl.ClientWorker$ConfigRpcTransportClient$1
18:05:40.654 [main] INFO  c.a.n.c.r.client - [printIfInfoEnabled,63] - [39ed25f3-fd17-4d4a-bb58-dde7591e1cd9_config-0] RpcClient init, ServerListFactory = com.alibaba.nacos.client.config.impl.ClientWorker$ConfigRpcTransportClient$2
18:05:40.659 [main] INFO  c.a.n.c.r.client - [printIfInfoEnabled,63] - [39ed25f3-fd17-4d4a-bb58-dde7591e1cd9_config-0] Try to connect to server on start up, server: {serverIp = '123.207.35.9', server main port = 8848}
18:05:40.681 [main] INFO  c.a.n.c.r.c.g.GrpcClient - [createNewManagedChannel,210] - grpc client connection server:123.207.35.9 ip,serverPort:9848,grpcTslConfig:{"sslProvider":"","enableTls":false,"mutualAuthEnable":false,"trustAll":false}
18:05:41.229 [main] INFO  c.a.n.c.a.AbstractAbilityControlManager - [initAbilityTable,61] - Ready to get current node abilities...
18:05:41.231 [main] INFO  c.a.n.c.a.AbstractAbilityControlManager - [initAbilityTable,89] - Ready to initialize current node abilities, support modes: [SDK_CLIENT]
18:05:41.231 [main] INFO  c.a.n.c.a.AbstractAbilityControlManager - [initAbilityTable,94] - Initialize current abilities finish...
18:05:41.232 [main] INFO  c.a.n.c.a.d.NacosAbilityManagerHolder - [initAbilityControlManager,85] - [AbilityControlManager] Successfully initialize AbilityControlManager
18:05:41.349 [main] INFO  c.a.n.c.r.client - [printIfInfoEnabled,63] - [39ed25f3-fd17-4d4a-bb58-dde7591e1cd9_config-0] Success to connect to server [123.207.35.9:8848] on start up, connectionId = 1715076319042_113.118.188.154_63219
18:05:41.349 [com.alibaba.nacos.client.remote.worker.0] INFO  c.a.n.c.r.client - [printIfInfoEnabled,63] - [39ed25f3-fd17-4d4a-bb58-dde7591e1cd9_config-0] Notify connected event to listeners.
18:05:41.349 [com.alibaba.nacos.client.remote.worker.0] INFO  c.a.n.c.c.i.ClientWorker - [onConnected,713] - [39ed25f3-fd17-4d4a-bb58-dde7591e1cd9_config-0] Connected,notify listen context...
18:05:41.349 [main] INFO  c.a.n.c.r.client - [printIfInfoEnabled,63] - [39ed25f3-fd17-4d4a-bb58-dde7591e1cd9_config-0] Register server push request handler:com.alibaba.nacos.common.remote.client.RpcClient$ConnectResetRequestHandler
18:05:41.350 [main] INFO  c.a.n.c.r.client - [printIfInfoEnabled,63] - [39ed25f3-fd17-4d4a-bb58-dde7591e1cd9_config-0] Register server push request handler:com.alibaba.nacos.common.remote.client.RpcClient$$Lambda/0x0000020e0152f9a0
18:05:41.418 [main] INFO  c.a.n.c.c.u.JvmUtil - [init,59] - isMultiInstance:false
18:05:41.491 [main] INFO  c.v.g.RuoYiGatewayApplication - [logStartupProfileInfo,660] - The following 1 profile is active: "dev"
18:05:45.310 [main] INFO  c.a.n.client.naming - [initNamespaceForNaming,62] - initializer namespace from ans.namespace attribute : null
18:05:45.311 [main] INFO  c.a.n.client.naming - [lambda$initNamespaceForNaming$0,66] - initializer namespace from ALIBABA_ALIWARE_NAMESPACE attribute :null
18:05:45.311 [main] INFO  c.a.n.client.naming - [lambda$initNamespaceForNaming$1,73] - initializer namespace from namespace attribute :null
18:05:45.316 [main] INFO  c.a.n.client.naming - [<init>,74] - FailoverDataSource type is class com.alibaba.nacos.client.naming.backups.datasource.DiskFailoverDataSource
18:05:45.322 [main] INFO  c.a.n.p.a.s.c.ClientAuthPluginManager - [init,56] - [ClientAuthPluginManager] Load ClientAuthService com.alibaba.nacos.client.auth.impl.NacosClientAuthServiceImpl success.
18:05:45.323 [main] INFO  c.a.n.p.a.s.c.ClientAuthPluginManager - [init,56] - [ClientAuthPluginManager] Load ClientAuthService com.alibaba.nacos.client.auth.ram.RamClientAuthServiceImpl success.
18:05:45.428 [main] INFO  c.a.n.c.r.client - [lambda$createClient$0,118] - [RpcClientFactory] create a new rpc client of 5146edab-7afd-4eaa-928a-513b0b4ad9ad
18:05:45.429 [main] INFO  c.a.n.client.naming - [<init>,109] - Create naming rpc client for uuid->5146edab-7afd-4eaa-928a-513b0b4ad9ad
18:05:45.429 [main] INFO  c.a.n.c.r.client - [printIfInfoEnabled,63] - [5146edab-7afd-4eaa-928a-513b0b4ad9ad] RpcClient init, ServerListFactory = com.alibaba.nacos.client.naming.core.ServerListManager
18:05:45.430 [main] INFO  c.a.n.c.r.client - [printIfInfoEnabled,63] - [5146edab-7afd-4eaa-928a-513b0b4ad9ad] Registry connection listener to current client:com.alibaba.nacos.client.naming.remote.gprc.redo.NamingGrpcRedoService
18:05:45.430 [main] INFO  c.a.n.c.r.client - [printIfInfoEnabled,63] - [5146edab-7afd-4eaa-928a-513b0b4ad9ad] Register server push request handler:com.alibaba.nacos.client.naming.remote.gprc.NamingPushRequestHandler
18:05:45.430 [main] INFO  c.a.n.c.r.client - [printIfInfoEnabled,63] - [5146edab-7afd-4eaa-928a-513b0b4ad9ad] Try to connect to server on start up, server: {serverIp = '123.207.35.9', server main port = 8848}
18:05:45.431 [main] INFO  c.a.n.c.r.c.g.GrpcClient - [createNewManagedChannel,210] - grpc client connection server:123.207.35.9 ip,serverPort:9848,grpcTslConfig:{"sslProvider":"","enableTls":false,"mutualAuthEnable":false,"trustAll":false}
18:05:45.567 [main] INFO  c.a.n.c.r.client - [printIfInfoEnabled,63] - [5146edab-7afd-4eaa-928a-513b0b4ad9ad] Success to connect to server [123.207.35.9:8848] on start up, connectionId = 1715076323334_113.118.188.154_63223
18:05:45.567 [main] INFO  c.a.n.c.r.client - [printIfInfoEnabled,63] - [5146edab-7afd-4eaa-928a-513b0b4ad9ad] Register server push request handler:com.alibaba.nacos.common.remote.client.RpcClient$ConnectResetRequestHandler
18:05:45.567 [com.alibaba.nacos.client.remote.worker.0] INFO  c.a.n.c.r.client - [printIfInfoEnabled,63] - [5146edab-7afd-4eaa-928a-513b0b4ad9ad] Notify connected event to listeners.
18:05:45.567 [com.alibaba.nacos.client.remote.worker.0] INFO  c.a.n.client.naming - [onConnected,90] - Grpc connection connect
18:05:45.567 [main] INFO  c.a.n.c.r.client - [printIfInfoEnabled,63] - [5146edab-7afd-4eaa-928a-513b0b4ad9ad] Register server push request handler:com.alibaba.nacos.common.remote.client.RpcClient$$Lambda/0x0000020e0152f9a0
18:05:45.569 [main] INFO  c.a.n.client.naming - [registerService,133] - [REGISTER-SERVICE] public registering service gateway-login with instance Instance{instanceId='null', ip='172.30.20.31', port=16001, weight=1.0, healthy=true, enabled=true, ephemeral=true, clusterName='DEFAULT', serviceName='null', metadata={IPv6=null, preserved.register.source=SPRING_CLOUD}}
18:05:45.600 [main] INFO  c.a.c.n.r.NacosServiceRegistry - [register,76] - nacos registry, SERVICE-GROUP gateway-login 172.30.20.31:16001 register finished
18:05:45.691 [main] INFO  c.v.g.RuoYiGatewayApplication - [logStarted,56] - Started RuoYiGatewayApplication in 6.309 seconds (process running for 7.528)
18:05:45.695 [main] INFO  c.a.n.c.c.i.CacheData - [initNotifyWarnTimeout,72] - config listener notify warn timeout millis use default 60000 millis 
18:05:45.696 [main] INFO  c.a.n.c.c.i.CacheData - [<clinit>,99] - nacos.cache.data.init.snapshot = true 
18:05:45.696 [main] INFO  c.a.n.c.c.i.ClientWorker - [addCacheDataIfAbsent,416] - [fixed-123.207.35.9_8848] [subscribe] gateway-login.yml+SERVICE-GROUP
18:05:45.705 [main] INFO  c.a.n.c.c.i.CacheData - [addListener,236] - [fixed-123.207.35.9_8848] [add-listener] ok, tenant=, dataId=gateway-login.yml, group=SERVICE-GROUP, cnt=1
18:05:45.706 [main] INFO  c.a.c.n.r.NacosContextRefresher - [registerNacosListener,131] - [Nacos Config] Listening config: dataId=gateway-login.yml, group=SERVICE-GROUP
18:05:45.706 [main] INFO  c.a.n.c.c.i.ClientWorker - [addCacheDataIfAbsent,416] - [fixed-123.207.35.9_8848] [subscribe] gateway-login+SERVICE-GROUP
18:05:45.706 [main] INFO  c.a.n.c.c.i.CacheData - [addListener,236] - [fixed-123.207.35.9_8848] [add-listener] ok, tenant=, dataId=gateway-login, group=SERVICE-GROUP, cnt=1
18:05:45.706 [main] INFO  c.a.c.n.r.NacosContextRefresher - [registerNacosListener,131] - [Nacos Config] Listening config: dataId=gateway-login, group=SERVICE-GROUP
18:05:45.707 [main] INFO  c.a.n.c.c.i.ClientWorker - [addCacheDataIfAbsent,416] - [fixed-123.207.35.9_8848] [subscribe] gateway-login-dev.yml+SERVICE-GROUP
18:05:45.707 [main] INFO  c.a.n.c.c.i.CacheData - [addListener,236] - [fixed-123.207.35.9_8848] [add-listener] ok, tenant=, dataId=gateway-login-dev.yml, group=SERVICE-GROUP, cnt=1
18:05:45.707 [main] INFO  c.a.c.n.r.NacosContextRefresher - [registerNacosListener,131] - [Nacos Config] Listening config: dataId=gateway-login-dev.yml, group=SERVICE-GROUP
